Using pre-set license
Built from '2020.3/staging' branch; Version is '2020.3.17f1 (a4537701e4ab) revision 10769271'; Using compiler version '192528614'; Build Type 'Release'
OS: 'Windows 10 Pro; OS build 19042.1288; Version 2009; 64bit' Language: 'en' Physical Memory: 32650 MB
BatchMode: 1, IsHumanControllingUs: 0, StartBugReporterOnCrash: 0, Is64bit: 1, IsPro: 0

COMMAND LINE ARGUMENTS:
C:\Users\Eran\Desktop\Unity\2020.3.17f1\Editor\Unity.exe
-adb2
-batchMode
-noUpm
-name
AssetImportWorker0
-projectPath
C:/Users/Eran/Desktop/Unity/Game Squad Test
-logFile
Logs/AssetImportWorker0.log
-srvPort
49418
Successfully changed project path to: C:/Users/Eran/Desktop/Unity/Game Squad Test
C:/Users/Eran/Desktop/Unity/Game Squad Test
Using Asset Import Pipeline V2.
Refreshing native plugins compatible for Editor in 29.66 ms, found 2 plugins.
Preloading 0 native plugins for Editor in 0.00 ms.
Initialize engine version: 2020.3.17f1 (a4537701e4ab)
[Subsystems] Discovering subsystems at path C:/Users/Eran/Desktop/Unity/2020.3.17f1/Editor/Data/Resources/UnitySubsystems
[Subsystems] Discovering subsystems at path C:/Users/Eran/Desktop/Unity/Game Squad Test/Assets
GfxDevice: creating device client; threaded=0
Direct3D:
    Version:  Direct3D 11.0 [level 11.1]
    Renderer: NVIDIA GeForce GT 1030 (ID=0x1d01)
    Vendor:   
    VRAM:     1982 MB
    Driver:   30.0.14.9613
Initialize mono
Mono path[0] = 'C:/Users/Eran/Desktop/Unity/2020.3.17f1/Editor/Data/Managed'
Mono path[1] = 'C:/Users/Eran/Desktop/Unity/2020.3.17f1/Editor/Data/MonoBleedingEdge/lib/mono/unityjit'
Mono config path = 'C:/Users/Eran/Desktop/Unity/2020.3.17f1/Editor/Data/MonoBleedingEdge/etc'
Using monoOptions --debugger-agent=transport=dt_socket,embedding=1,server=y,suspend=n,address=127.0.0.1:56012
Begin MonoManager ReloadAssembly
Registering precompiled unity dll's ...
Register platform support module: C:/Users/Eran/Desktop/Unity/2020.3.17f1/Editor/Data/PlaybackEngines/WebGLSupport/UnityEditor.WebGL.Extensions.dll
Register platform support module: C:/Users/Eran/Desktop/Unity/2020.3.17f1/Editor/Data/PlaybackEngines/WindowsStandaloneSupport/UnityEditor.WindowsStandalone.Extensions.dll
Registered in 0.001614 seconds.
Native extension for WindowsStandalone target not found
Native extension for WebGL target not found
Refreshing native plugins compatible for Editor in 29.10 ms, found 2 plugins.
Preloading 0 native plugins for Editor in 0.00 ms.
Mono: successfully reloaded assembly
- Completed reload, in  1.320 seconds
Domain Reload Profiling:
	ReloadAssembly (1320ms)
		BeginReloadAssembly (36ms)
			ExecutionOrderSort (0ms)
			DisableScriptedObjects (0ms)
			BackupInstance (0ms)
			ReleaseScriptingObjects (0ms)
			CreateAndSetChildDomain (1ms)
		EndReloadAssembly (276ms)
			LoadAssemblies (35ms)
			RebuildTransferFunctionScriptingTraits (0ms)
			SetupTypeCache (92ms)
			ReleaseScriptCaches (0ms)
			RebuildScriptCaches (19ms)
			SetupLoadedEditorAssemblies (118ms)
				LogAssemblyErrors (0ms)
				InitializePlatformSupportModulesInManaged (3ms)
				SetLoadedEditorAssemblies (0ms)
				RefreshPlugins (29ms)
				BeforeProcessingInitializeOnLoad (12ms)
				ProcessInitializeOnLoadAttributes (55ms)
				ProcessInitializeOnLoadMethodAttributes (18ms)
				AfterProcessingInitializeOnLoad (0ms)
				EditorAssembliesLoaded (0ms)
			ExecutionOrderSort2 (0ms)
			AwakeInstancesAfterBackupRestoration (0ms)
Platform modules already initialized, skipping
Registering precompiled user dll's ...
Registered in 0.001948 seconds.
Begin MonoManager ReloadAssembly
Native extension for WindowsStandalone target not found
Native extension for WebGL target not found
Refreshing native plugins compatible for Editor in 28.49 ms, found 2 plugins.
Preloading 0 native plugins for Editor in 0.00 ms.
Mono: successfully reloaded assembly
- Completed reload, in  0.725 seconds
Domain Reload Profiling:
	ReloadAssembly (725ms)
		BeginReloadAssembly (94ms)
			ExecutionOrderSort (0ms)
			DisableScriptedObjects (3ms)
			BackupInstance (0ms)
			ReleaseScriptingObjects (0ms)
			CreateAndSetChildDomain (13ms)
		EndReloadAssembly (589ms)
			LoadAssemblies (57ms)
			RebuildTransferFunctionScriptingTraits (0ms)
			SetupTypeCache (173ms)
			ReleaseScriptCaches (0ms)
			RebuildScriptCaches (29ms)
			SetupLoadedEditorAssemblies (253ms)
				LogAssemblyErrors (0ms)
				InitializePlatformSupportModulesInManaged (3ms)
				SetLoadedEditorAssemblies (0ms)
				RefreshPlugins (29ms)
				BeforeProcessingInitializeOnLoad (48ms)
				ProcessInitializeOnLoadAttributes (162ms)
				ProcessInitializeOnLoadMethodAttributes (5ms)
				AfterProcessingInitializeOnLoad (5ms)
				EditorAssembliesLoaded (1ms)
			ExecutionOrderSort2 (0ms)
			AwakeInstancesAfterBackupRestoration (4ms)
Platform modules already initialized, skipping
========================================================================
Worker process is ready to serve import requests
Launched and connected shader compiler UnityShaderCompiler.exe after 0.04 seconds
Refreshing native plugins compatible for Editor in 0.46 ms, found 2 plugins.
Preloading 0 native plugins for Editor in 0.00 ms.
Unloading 1880 Unused Serialized files (Serialized files now loaded: 0)
System memory in use before: 88.5 MB.
System memory in use after: 88.5 MB.

Unloading 19 unused Assets to reduce memory usage. Loaded Objects now: 2328.
Total: 2.420000 ms (FindLiveObjects: 0.148000 ms CreateObjectMapping: 0.048500 ms MarkObjects: 2.154900 ms  DeleteObjects: 0.067600 ms)

AssetImportParameters requested are different than current active one (requested -> active):
  custom:framework-win-MediaFoundation: 216162199b28c13a410421893ffa2e32 -> 
  custom:video-decoder-ogg-theora: a1e56fd34408186e4bbccfd4996cb3dc -> 
  custom:container-muxer-webm: aa71ff27fc2769a1b78a27578f13a17b -> 
  custom:container-demuxer-webm: 4f35f7cbe854078d1ac9338744f61a02 -> 
  custom:container-demuxer-ogg: 62fdf1f143b41e24485cea50d1cbac27 -> 
  custom:video-encoder-webm-vp8: eb34c28f22e8b96e1ab97ce403110664 -> 
  custom:video-decoder-webm-vp8: 9c59270c3fd7afecdb556c50c9e8de78 -> 
  custom:audio-decoder-ogg-vorbis: bf7c407c2cedff20999df2af8eb42d56 -> 
  custom:audio-encoder-webm-vorbis: bf7c407c2cedff20999df2af8eb42d56 -> 
========================================================================
Received Import Request.
  path: Assets/Downlods/PolyLabs LLC/VintageRadio
  artifactKey: Guid(4e76fd3218b054e27b9fad777055681c) Importer(815301076,1909f56bfc062723c751e8b465ee728b)
Start importing Assets/Downlods/PolyLabs LLC/VintageRadio using Guid(4e76fd3218b054e27b9fad777055681c) Importer(815301076,1909f56bfc062723c751e8b465ee728b)  -> (artifact id: '985dd26377be1f575de7bd7ef11f59f4') in 0.007320 seconds 
  Import took 0.009175 seconds .

========================================================================
Received Import Request.
  Time since last request: 0.000117 seconds.
  path: Assets/Downlods/PolyLabs LLC/VintageRadio/Prefab
  artifactKey: Guid(00360f3a6b7af4632a54dc0b9907a899) Importer(815301076,1909f56bfc062723c751e8b465ee728b)
Start importing Assets/Downlods/PolyLabs LLC/VintageRadio/Prefab using Guid(00360f3a6b7af4632a54dc0b9907a899) Importer(815301076,1909f56bfc062723c751e8b465ee728b)  -> (artifact id: '7e3276db4b0e932d7bcd7063f8609080') in 0.005851 seconds 
  Import took 0.007707 seconds .

========================================================================
Received Import Request.
  Time since last request: 0.000106 seconds.
  path: Assets/Downlods/PolyLabs LLC/VintageRadio/Prefab/RadioVintage.prefab
  artifactKey: Guid(135f82f643e394e0f9d6e442cc746237) Importer(815301076,1909f56bfc062723c751e8b465ee728b)
Start importing Assets/Downlods/PolyLabs LLC/VintageRadio/Prefab/RadioVintage.prefab using Guid(135f82f643e394e0f9d6e442cc746237) Importer(815301076,1909f56bfc062723c751e8b465ee728b)  -> (artifact id: 'e04d929adb23046b4f6f2700fd29816c') in 0.387933 seconds 
  Import took 0.390134 seconds .

========================================================================
Received Import Request.
  Time since last request: 6.256604 seconds.
  path: Assets/Downlods/PolyLabs LLC/VintageRadio/Prefab/RadioVintage 1.prefab
  artifactKey: Guid(525d8c5d38ea56544b743f71fe9ca16f) Importer(815301076,1909f56bfc062723c751e8b465ee728b)
Start importing Assets/Downlods/PolyLabs LLC/VintageRadio/Prefab/RadioVintage 1.prefab using Guid(525d8c5d38ea56544b743f71fe9ca16f) Importer(815301076,1909f56bfc062723c751e8b465ee728b)  -> (artifact id: '54226172e1848b730549413c24dcb659') in 0.017699 seconds 
  Import took 0.020235 seconds .

========================================================================
Received Import Request.
  Time since last request: 0.002664 seconds.
  path: Assets/Downlods/PolyLabs LLC/VintageRadio/Prefab/RadioVintage 1.prefab
  artifactKey: Guid(525d8c5d38ea56544b743f71fe9ca16f) Importer(815301076,1909f56bfc062723c751e8b465ee728b)
Start importing Assets/Downlods/PolyLabs LLC/VintageRadio/Prefab/RadioVintage 1.prefab using Guid(525d8c5d38ea56544b743f71fe9ca16f) Importer(815301076,1909f56bfc062723c751e8b465ee728b)  -> (artifact id: '54226172e1848b730549413c24dcb659') in 0.021531 seconds 
  Import took 0.024177 seconds .

========================================================================
Received Import Request.
  Time since last request: 8.787394 seconds.
  path: Assets/Downlods/PolyLabs LLC/VintageRadio/Prefab/Interactable RadioVintage 1.prefab
  artifactKey: Guid(525d8c5d38ea56544b743f71fe9ca16f) Importer(815301076,1909f56bfc062723c751e8b465ee728b)
Start importing Assets/Downlods/PolyLabs LLC/VintageRadio/Prefab/Interactable RadioVintage 1.prefab using Guid(525d8c5d38ea56544b743f71fe9ca16f) Importer(815301076,1909f56bfc062723c751e8b465ee728b)  -> (artifact id: '1dae69c4723e5d4b60315a844ddf5ce8') in 0.019264 seconds 
  Import took 0.022296 seconds .

========================================================================
Received Import Request.
  Time since last request: 11.833768 seconds.
  path: Assets/Prefabs/Interactables/Candle Interactable.prefab
  artifactKey: Guid(f38a2c24d6285074588967ab53d8a455) Importer(815301076,1909f56bfc062723c751e8b465ee728b)
Start importing Assets/Prefabs/Interactables/Candle Interactable.prefab using Guid(f38a2c24d6285074588967ab53d8a455) Importer(815301076,1909f56bfc062723c751e8b465ee728b)  -> (artifact id: '129d0528380c128e0234244d6219e1d9') in 0.011951 seconds 
  Import took 0.014375 seconds .

========================================================================
Received Import Request.
  Time since last request: 36.380570 seconds.
  path: Assets/Prefabs/Interactables/Interactable RadioVintage 1.prefab
  artifactKey: Guid(525d8c5d38ea56544b743f71fe9ca16f) Importer(815301076,1909f56bfc062723c751e8b465ee728b)
Start importing Assets/Prefabs/Interactables/Interactable RadioVintage 1.prefab using Guid(525d8c5d38ea56544b743f71fe9ca16f) Importer(815301076,1909f56bfc062723c751e8b465ee728b)  -> (artifact id: '81e8c13679c009b44c38f4905499844c') in 0.017026 seconds 
  Import took 0.019611 seconds .

========================================================================
Received Import Request.
  Time since last request: 5.795959 seconds.
  path: Assets/Prefabs/Interactables/Interactable RadioVintage 1.prefab
  artifactKey: Guid(525d8c5d38ea56544b743f71fe9ca16f) Importer(815301076,1909f56bfc062723c751e8b465ee728b)
Start importing Assets/Prefabs/Interactables/Interactable RadioVintage 1.prefab using Guid(525d8c5d38ea56544b743f71fe9ca16f) Importer(815301076,1909f56bfc062723c751e8b465ee728b)  -> (artifact id: '084b4f5b787f5434c8fb2557b6a9206e') in 0.015503 seconds 
  Import took 0.018497 seconds .

========================================================================
Received Import Request.
  Time since last request: 2.600716 seconds.
  path: Assets/Prefabs/Interactables/Interactable RadioVintage 1.prefab
  artifactKey: Guid(525d8c5d38ea56544b743f71fe9ca16f) Importer(815301076,1909f56bfc062723c751e8b465ee728b)
Start importing Assets/Prefabs/Interactables/Interactable RadioVintage 1.prefab using Guid(525d8c5d38ea56544b743f71fe9ca16f) Importer(815301076,1909f56bfc062723c751e8b465ee728b)  -> (artifact id: '248b381ad272f22cfba772aa6a8c4c55') in 0.016529 seconds 
  Import took 0.019059 seconds .

========================================================================
Received Import Request.
  Time since last request: 3.398963 seconds.
  path: Assets/Prefabs/Interactables/Interactable RadioVintage 1.prefab
  artifactKey: Guid(525d8c5d38ea56544b743f71fe9ca16f) Importer(815301076,1909f56bfc062723c751e8b465ee728b)
Start importing Assets/Prefabs/Interactables/Interactable RadioVintage 1.prefab using Guid(525d8c5d38ea56544b743f71fe9ca16f) Importer(815301076,1909f56bfc062723c751e8b465ee728b)  -> (artifact id: '185b0f614842d73112eb9b7b1febf9eb') in 0.015554 seconds 
  Import took 0.018103 seconds .

========================================================================
Received Import Request.
  Time since last request: 3.597625 seconds.
  path: Assets/Prefabs/Interactables/Interactable RadioVintage 1.prefab
  artifactKey: Guid(525d8c5d38ea56544b743f71fe9ca16f) Importer(815301076,1909f56bfc062723c751e8b465ee728b)
Start importing Assets/Prefabs/Interactables/Interactable RadioVintage 1.prefab using Guid(525d8c5d38ea56544b743f71fe9ca16f) Importer(815301076,1909f56bfc062723c751e8b465ee728b)  -> (artifact id: 'a59f366f09db5c79392e7e315500a934') in 0.015957 seconds 
  Import took 0.018649 seconds .

========================================================================
Received Import Request.
  Time since last request: 2.194672 seconds.
  path: Assets/Prefabs/Interactables/Interactable RadioVintage 1.prefab
  artifactKey: Guid(525d8c5d38ea56544b743f71fe9ca16f) Importer(815301076,1909f56bfc062723c751e8b465ee728b)
Start importing Assets/Prefabs/Interactables/Interactable RadioVintage 1.prefab using Guid(525d8c5d38ea56544b743f71fe9ca16f) Importer(815301076,1909f56bfc062723c751e8b465ee728b)  -> (artifact id: '9144ce5f002d5b88a4d2583eabfdbb1c') in 0.016278 seconds 
  Import took 0.018974 seconds .

========================================================================
Received Import Request.
  Time since last request: 3.601390 seconds.
  path: Assets/Prefabs/Interactables/Interactable RadioVintage 1.prefab
  artifactKey: Guid(525d8c5d38ea56544b743f71fe9ca16f) Importer(815301076,1909f56bfc062723c751e8b465ee728b)
Start importing Assets/Prefabs/Interactables/Interactable RadioVintage 1.prefab using Guid(525d8c5d38ea56544b743f71fe9ca16f) Importer(815301076,1909f56bfc062723c751e8b465ee728b)  -> (artifact id: 'a3ba5f3d803a1190d9291881cf837ff1') in 0.016078 seconds 
  Import took 0.018739 seconds .

========================================================================
Received Import Request.
  Time since last request: 3.796149 seconds.
  path: Assets/Prefabs/Interactables/Interactable RadioVintage 1.prefab
  artifactKey: Guid(525d8c5d38ea56544b743f71fe9ca16f) Importer(815301076,1909f56bfc062723c751e8b465ee728b)
Start importing Assets/Prefabs/Interactables/Interactable RadioVintage 1.prefab using Guid(525d8c5d38ea56544b743f71fe9ca16f) Importer(815301076,1909f56bfc062723c751e8b465ee728b)  -> (artifact id: 'f0494cda9ca7584a1e62cd1a215a24fd') in 0.016544 seconds 
  Import took 0.019208 seconds .

========================================================================
Received Import Request.
  Time since last request: 13.848040 seconds.
  path: Assets/Scripts/Radio.cs
  artifactKey: Guid(8ecdd8d8f4945fc47a00bbf9f22098db) Importer(815301076,1909f56bfc062723c751e8b465ee728b)
Start importing Assets/Scripts/Radio.cs using Guid(8ecdd8d8f4945fc47a00bbf9f22098db) Importer(815301076,1909f56bfc062723c751e8b465ee728b)  -> (artifact id: '52b57e8e6de348777964714ec95d4b2a') in 0.006111 seconds 
  Import took 0.008505 seconds .

========================================================================
Received Import Request.
  Time since last request: 0.000651 seconds.
  path: Assets/Scripts/Radio.cs
  artifactKey: Guid(8ecdd8d8f4945fc47a00bbf9f22098db) Importer(815301076,1909f56bfc062723c751e8b465ee728b)
Start importing Assets/Scripts/Radio.cs using Guid(8ecdd8d8f4945fc47a00bbf9f22098db) Importer(815301076,1909f56bfc062723c751e8b465ee728b)  -> (artifact id: '52b57e8e6de348777964714ec95d4b2a') in 0.001534 seconds 
  Import took 0.003455 seconds .

========================================================================
Received Prepare
Registering precompiled user dll's ...
Registered in 0.001788 seconds.
Begin MonoManager ReloadAssembly
Native extension for WindowsStandalone target not found
Native extension for WebGL target not found
Refreshing native plugins compatible for Editor in 0.45 ms, found 2 plugins.
Preloading 0 native plugins for Editor in 0.00 ms.
Mono: successfully reloaded assembly
- Completed reload, in  0.686 seconds
Domain Reload Profiling:
	ReloadAssembly (686ms)
		BeginReloadAssembly (90ms)
			ExecutionOrderSort (0ms)
			DisableScriptedObjects (3ms)
			BackupInstance (0ms)
			ReleaseScriptingObjects (0ms)
			CreateAndSetChildDomain (26ms)
		EndReloadAssembly (553ms)
			LoadAssemblies (57ms)
			RebuildTransferFunctionScriptingTraits (0ms)
			SetupTypeCache (183ms)
			ReleaseScriptCaches (1ms)
			RebuildScriptCaches (25ms)
			SetupLoadedEditorAssemblies (222ms)
				LogAssemblyErrors (0ms)
				InitializePlatformSupportModulesInManaged (4ms)
				SetLoadedEditorAssemblies (0ms)
				RefreshPlugins (0ms)
				BeforeProcessingInitializeOnLoad (50ms)
				ProcessInitializeOnLoadAttributes (158ms)
				ProcessInitializeOnLoadMethodAttributes (4ms)
				AfterProcessingInitializeOnLoad (5ms)
				EditorAssembliesLoaded (0ms)
			ExecutionOrderSort2 (0ms)
			AwakeInstancesAfterBackupRestoration (4ms)
Platform modules already initialized, skipping
Refreshing native plugins compatible for Editor in 0.43 ms, found 2 plugins.
Preloading 0 native plugins for Editor in 0.00 ms.
Unloading 1857 Unused Serialized files (Serialized files now loaded: 0)
System memory in use before: 90.2 MB.
System memory in use after: 90.3 MB.

Unloading 12 unused Assets to reduce memory usage. Loaded Objects now: 2338.
Total: 2.795000 ms (FindLiveObjects: 0.150300 ms CreateObjectMapping: 0.046300 ms MarkObjects: 2.582600 ms  DeleteObjects: 0.015200 ms)

AssetImportParameters requested are different than current active one (requested -> active):
  custom:framework-win-MediaFoundation: 216162199b28c13a410421893ffa2e32 -> 
  custom:video-decoder-ogg-theora: a1e56fd34408186e4bbccfd4996cb3dc -> 
  custom:container-muxer-webm: aa71ff27fc2769a1b78a27578f13a17b -> 
  custom:container-demuxer-webm: 4f35f7cbe854078d1ac9338744f61a02 -> 
  custom:container-demuxer-ogg: 62fdf1f143b41e24485cea50d1cbac27 -> 
  custom:video-encoder-webm-vp8: eb34c28f22e8b96e1ab97ce403110664 -> 
  custom:video-decoder-webm-vp8: 9c59270c3fd7afecdb556c50c9e8de78 -> 
  custom:audio-decoder-ogg-vorbis: bf7c407c2cedff20999df2af8eb42d56 -> 
  custom:audio-encoder-webm-vorbis: bf7c407c2cedff20999df2af8eb42d56 -> 
========================================================================
Received Import Request.
  Time since last request: 134.184351 seconds.
  path: Assets/Scripts/Radio.cs
  artifactKey: Guid(8ecdd8d8f4945fc47a00bbf9f22098db) Importer(815301076,1909f56bfc062723c751e8b465ee728b)
Start importing Assets/Scripts/Radio.cs using Guid(8ecdd8d8f4945fc47a00bbf9f22098db) Importer(815301076,1909f56bfc062723c751e8b465ee728b)  -> (artifact id: '4af5e4e07fc117924a834f102bd8f370') in 0.004098 seconds 
  Import took 0.006378 seconds .

========================================================================
Received Import Request.
  Time since last request: 0.015773 seconds.
  path: Assets/Scripts/Radio.cs
  artifactKey: Guid(8ecdd8d8f4945fc47a00bbf9f22098db) Importer(815301076,1909f56bfc062723c751e8b465ee728b)
Start importing Assets/Scripts/Radio.cs using Guid(8ecdd8d8f4945fc47a00bbf9f22098db) Importer(815301076,1909f56bfc062723c751e8b465ee728b)  -> (artifact id: '4af5e4e07fc117924a834f102bd8f370') in 0.001571 seconds 
  Import took 0.004165 seconds .

========================================================================
Received Import Request.
  Time since last request: 8.788672 seconds.
  path: Assets/Scripts/Radio.cs
  artifactKey: Guid(8ecdd8d8f4945fc47a00bbf9f22098db) Importer(815301076,1909f56bfc062723c751e8b465ee728b)
Start importing Assets/Scripts/Radio.cs using Guid(8ecdd8d8f4945fc47a00bbf9f22098db) Importer(815301076,1909f56bfc062723c751e8b465ee728b)  -> (artifact id: '727edff55dd9d46abda6230d91368798') in 0.001890 seconds 
  Import took 0.004209 seconds .

========================================================================
Received Import Request.
  Time since last request: 0.000696 seconds.
  path: Assets/Scripts/Radio.cs
  artifactKey: Guid(8ecdd8d8f4945fc47a00bbf9f22098db) Importer(815301076,1909f56bfc062723c751e8b465ee728b)
Start importing Assets/Scripts/Radio.cs using Guid(8ecdd8d8f4945fc47a00bbf9f22098db) Importer(815301076,1909f56bfc062723c751e8b465ee728b)  -> (artifact id: '727edff55dd9d46abda6230d91368798') in 0.001351 seconds 
  Import took 0.002984 seconds .

========================================================================
Received Prepare
Registering precompiled user dll's ...
Registered in 0.002084 seconds.
Begin MonoManager ReloadAssembly
Native extension for WindowsStandalone target not found
Native extension for WebGL target not found
Refreshing native plugins compatible for Editor in 0.42 ms, found 2 plugins.
Preloading 0 native plugins for Editor in 0.00 ms.
Mono: successfully reloaded assembly
- Completed reload, in  0.660 seconds
Domain Reload Profiling:
	ReloadAssembly (661ms)
		BeginReloadAssembly (91ms)
			ExecutionOrderSort (0ms)
			DisableScriptedObjects (3ms)
			BackupInstance (0ms)
			ReleaseScriptingObjects (0ms)
			CreateAndSetChildDomain (25ms)
		EndReloadAssembly (528ms)
			LoadAssemblies (58ms)
			RebuildTransferFunctionScriptingTraits (0ms)
			SetupTypeCache (171ms)
			ReleaseScriptCaches (1ms)
			RebuildScriptCaches (25ms)
			SetupLoadedEditorAssemblies (214ms)
				LogAssemblyErrors (0ms)
				InitializePlatformSupportModulesInManaged (3ms)
				SetLoadedEditorAssemblies (0ms)
				RefreshPlugins (0ms)
				BeforeProcessingInitializeOnLoad (47ms)
				ProcessInitializeOnLoadAttributes (154ms)
				ProcessInitializeOnLoadMethodAttributes (4ms)
				AfterProcessingInitializeOnLoad (4ms)
				EditorAssembliesLoaded (0ms)
			ExecutionOrderSort2 (0ms)
			AwakeInstancesAfterBackupRestoration (4ms)
Platform modules already initialized, skipping
Refreshing native plugins compatible for Editor in 0.42 ms, found 2 plugins.
Preloading 0 native plugins for Editor in 0.00 ms.
Unloading 1857 Unused Serialized files (Serialized files now loaded: 0)
System memory in use before: 90.3 MB.
System memory in use after: 90.4 MB.

Unloading 12 unused Assets to reduce memory usage. Loaded Objects now: 2340.
Total: 2.367300 ms (FindLiveObjects: 0.166900 ms CreateObjectMapping: 0.058600 ms MarkObjects: 2.128100 ms  DeleteObjects: 0.013000 ms)

AssetImportParameters requested are different than current active one (requested -> active):
  custom:framework-win-MediaFoundation: 216162199b28c13a410421893ffa2e32 -> 
  custom:video-decoder-ogg-theora: a1e56fd34408186e4bbccfd4996cb3dc -> 
  custom:container-muxer-webm: aa71ff27fc2769a1b78a27578f13a17b -> 
  custom:container-demuxer-webm: 4f35f7cbe854078d1ac9338744f61a02 -> 
  custom:container-demuxer-ogg: 62fdf1f143b41e24485cea50d1cbac27 -> 
  custom:video-encoder-webm-vp8: eb34c28f22e8b96e1ab97ce403110664 -> 
  custom:video-decoder-webm-vp8: 9c59270c3fd7afecdb556c50c9e8de78 -> 
  custom:audio-decoder-ogg-vorbis: bf7c407c2cedff20999df2af8eb42d56 -> 
  custom:audio-encoder-webm-vorbis: bf7c407c2cedff20999df2af8eb42d56 -> 
========================================================================
Received Import Request.
  Time since last request: 61.669241 seconds.
  path: Assets/Audio/Sounds/248139__borys-kozielski__voa-english-signing-on-with-yankee-doodle-44100-hz.ogg
  artifactKey: Guid(b8427f23c07377f418c60ea62c171a2f) Importer(815301076,1909f56bfc062723c751e8b465ee728b)
Start importing Assets/Audio/Sounds/248139__borys-kozielski__voa-english-signing-on-with-yankee-doodle-44100-hz.ogg using Guid(b8427f23c07377f418c60ea62c171a2f) Importer(815301076,1909f56bfc062723c751e8b465ee728b)  -> (artifact id: '634d7a098a95a9e9ef604ec993035c82') in 0.039206 seconds 
  Import took 0.041728 seconds .

========================================================================
Received Import Request.
  Time since last request: 9.798368 seconds.
  path: Assets/Audio/Sounds/radio sound.ogg
  artifactKey: Guid(b8427f23c07377f418c60ea62c171a2f) Importer(815301076,1909f56bfc062723c751e8b465ee728b)
Start importing Assets/Audio/Sounds/radio sound.ogg using Guid(b8427f23c07377f418c60ea62c171a2f) Importer(815301076,1909f56bfc062723c751e8b465ee728b)  -> (artifact id: '08c08f8f6a552f05ced39ece87cc9c76') in 0.031059 seconds 
  Import took 0.033420 seconds .

========================================================================
Received Import Request.
  Time since last request: 26.401513 seconds.
  path: Assets/Scenes/Test Sci-Fi.unity
  artifactKey: Guid(b4743ec65efdf11419d5d2a731c39f1f) Importer(815301076,1909f56bfc062723c751e8b465ee728b)
Start importing Assets/Scenes/Test Sci-Fi.unity using Guid(b4743ec65efdf11419d5d2a731c39f1f) Importer(815301076,1909f56bfc062723c751e8b465ee728b)  -> (artifact id: '13f65681765d383b30865333a1d57edd') in 0.005723 seconds 
  Import took 0.008115 seconds .

========================================================================
Received Import Request.
  Time since last request: 39.706521 seconds.
  path: Assets/Prefabs/Interactables/Interactable RadioVintage 1.prefab
  artifactKey: Guid(525d8c5d38ea56544b743f71fe9ca16f) Importer(815301076,1909f56bfc062723c751e8b465ee728b)
Start importing Assets/Prefabs/Interactables/Interactable RadioVintage 1.prefab using Guid(525d8c5d38ea56544b743f71fe9ca16f) Importer(815301076,1909f56bfc062723c751e8b465ee728b)  -> (artifact id: '785be514361207967551022609d93c4e') in 0.032030 seconds 
  Import took 0.034690 seconds .

========================================================================
Received Prepare
Registering precompiled user dll's ...
Registered in 0.002202 seconds.
Begin MonoManager ReloadAssembly
Native extension for WindowsStandalone target not found
Native extension for WebGL target not found
Refreshing native plugins compatible for Editor in 0.42 ms, found 2 plugins.
Preloading 0 native plugins for Editor in 0.00 ms.
Mono: successfully reloaded assembly
- Completed reload, in  0.635 seconds
Domain Reload Profiling:
	ReloadAssembly (636ms)
		BeginReloadAssembly (78ms)
			ExecutionOrderSort (0ms)
			DisableScriptedObjects (3ms)
			BackupInstance (0ms)
			ReleaseScriptingObjects (0ms)
			CreateAndSetChildDomain (25ms)
		EndReloadAssembly (517ms)
			LoadAssemblies (55ms)
			RebuildTransferFunctionScriptingTraits (0ms)
			SetupTypeCache (165ms)
			ReleaseScriptCaches (1ms)
			RebuildScriptCaches (24ms)
			SetupLoadedEditorAssemblies (207ms)
				LogAssemblyErrors (0ms)
				InitializePlatformSupportModulesInManaged (3ms)
				SetLoadedEditorAssemblies (0ms)
				RefreshPlugins (0ms)
				BeforeProcessingInitializeOnLoad (46ms)
				ProcessInitializeOnLoadAttributes (149ms)
				ProcessInitializeOnLoadMethodAttributes (4ms)
				AfterProcessingInitializeOnLoad (5ms)
				EditorAssembliesLoaded (0ms)
			ExecutionOrderSort2 (0ms)
			AwakeInstancesAfterBackupRestoration (6ms)
Platform modules already initialized, skipping
Refreshing native plugins compatible for Editor in 0.42 ms, found 2 plugins.
Preloading 0 native plugins for Editor in 0.00 ms.
Unloading 1857 Unused Serialized files (Serialized files now loaded: 0)
System memory in use before: 90.4 MB.
System memory in use after: 90.5 MB.

Unloading 12 unused Assets to reduce memory usage. Loaded Objects now: 2345.
Total: 2.390100 ms (FindLiveObjects: 0.152900 ms CreateObjectMapping: 0.053800 ms MarkObjects: 2.169300 ms  DeleteObjects: 0.013300 ms)

AssetImportParameters requested are different than current active one (requested -> active):
  custom:framework-win-MediaFoundation: 216162199b28c13a410421893ffa2e32 -> 
  custom:video-decoder-ogg-theora: a1e56fd34408186e4bbccfd4996cb3dc -> 
  custom:container-muxer-webm: aa71ff27fc2769a1b78a27578f13a17b -> 
  custom:container-demuxer-webm: 4f35f7cbe854078d1ac9338744f61a02 -> 
  custom:container-demuxer-ogg: 62fdf1f143b41e24485cea50d1cbac27 -> 
  custom:video-encoder-webm-vp8: eb34c28f22e8b96e1ab97ce403110664 -> 
  custom:video-decoder-webm-vp8: 9c59270c3fd7afecdb556c50c9e8de78 -> 
  custom:audio-decoder-ogg-vorbis: bf7c407c2cedff20999df2af8eb42d56 -> 
  custom:audio-encoder-webm-vorbis: bf7c407c2cedff20999df2af8eb42d56 -> 
========================================================================
Received Import Request.
  Time since last request: 41.730706 seconds.
  path: Assets/Prefabs/Interactables/Interactable RadioVintage 1.prefab
  artifactKey: Guid(525d8c5d38ea56544b743f71fe9ca16f) Importer(815301076,1909f56bfc062723c751e8b465ee728b)
Start importing Assets/Prefabs/Interactables/Interactable RadioVintage 1.prefab using Guid(525d8c5d38ea56544b743f71fe9ca16f) Importer(815301076,1909f56bfc062723c751e8b465ee728b)  -> (artifact id: '07eb075b41e8ecc8508b465bd666b739') in 0.048933 seconds 
  Import took 0.051954 seconds .

========================================================================
Received Prepare
Registering precompiled user dll's ...
Registered in 0.002031 seconds.
Begin MonoManager ReloadAssembly
Native extension for WindowsStandalone target not found
Native extension for WebGL target not found
Refreshing native plugins compatible for Editor in 0.47 ms, found 2 plugins.
Preloading 0 native plugins for Editor in 0.00 ms.
Mono: successfully reloaded assembly
- Completed reload, in  0.698 seconds
Domain Reload Profiling:
	ReloadAssembly (698ms)
		BeginReloadAssembly (93ms)
			ExecutionOrderSort (0ms)
			DisableScriptedObjects (5ms)
			BackupInstance (0ms)
			ReleaseScriptingObjects (0ms)
			CreateAndSetChildDomain (27ms)
		EndReloadAssembly (561ms)
			LoadAssemblies (60ms)
			RebuildTransferFunctionScriptingTraits (0ms)
			SetupTypeCache (181ms)
			ReleaseScriptCaches (1ms)
			RebuildScriptCaches (27ms)
			SetupLoadedEditorAssemblies (223ms)
				LogAssemblyErrors (0ms)
				InitializePlatformSupportModulesInManaged (4ms)
				SetLoadedEditorAssemblies (0ms)
				RefreshPlugins (1ms)
				BeforeProcessingInitializeOnLoad (50ms)
				ProcessInitializeOnLoadAttributes (160ms)
				ProcessInitializeOnLoadMethodAttributes (4ms)
				AfterProcessingInitializeOnLoad (5ms)
				EditorAssembliesLoaded (0ms)
			ExecutionOrderSort2 (0ms)
			AwakeInstancesAfterBackupRestoration (5ms)
Platform modules already initialized, skipping
Refreshing native plugins compatible for Editor in 0.46 ms, found 2 plugins.
Preloading 0 native plugins for Editor in 0.00 ms.
Unloading 1857 Unused Serialized files (Serialized files now loaded: 0)
System memory in use before: 90.4 MB.
System memory in use after: 90.5 MB.

Unloading 12 unused Assets to reduce memory usage. Loaded Objects now: 2348.
Total: 2.637000 ms (FindLiveObjects: 0.159500 ms CreateObjectMapping: 0.049000 ms MarkObjects: 2.415900 ms  DeleteObjects: 0.012000 ms)

AssetImportParameters requested are different than current active one (requested -> active):
  custom:framework-win-MediaFoundation: 216162199b28c13a410421893ffa2e32 -> 
  custom:video-decoder-ogg-theora: a1e56fd34408186e4bbccfd4996cb3dc -> 
  custom:container-muxer-webm: aa71ff27fc2769a1b78a27578f13a17b -> 
  custom:container-demuxer-webm: 4f35f7cbe854078d1ac9338744f61a02 -> 
  custom:container-demuxer-ogg: 62fdf1f143b41e24485cea50d1cbac27 -> 
  custom:video-encoder-webm-vp8: eb34c28f22e8b96e1ab97ce403110664 -> 
  custom:video-decoder-webm-vp8: 9c59270c3fd7afecdb556c50c9e8de78 -> 
  custom:audio-decoder-ogg-vorbis: bf7c407c2cedff20999df2af8eb42d56 -> 
  custom:audio-encoder-webm-vorbis: bf7c407c2cedff20999df2af8eb42d56 -> 
========================================================================
Received Import Request.
  Time since last request: 70.259171 seconds.
  path: Assets/Prefabs/Interactables/Interactable RadioVintage 1.prefab
  artifactKey: Guid(525d8c5d38ea56544b743f71fe9ca16f) Importer(815301076,1909f56bfc062723c751e8b465ee728b)
Start importing Assets/Prefabs/Interactables/Interactable RadioVintage 1.prefab using Guid(525d8c5d38ea56544b743f71fe9ca16f) Importer(815301076,1909f56bfc062723c751e8b465ee728b)  -> (artifact id: 'f88ddd7e818bad2ca725e91318dcb341') in 0.048653 seconds 
  Import took 0.051520 seconds .

========================================================================
Received Import Request.
  Time since last request: 22.828480 seconds.
  path: Assets/Prefabs/Interactables/Interactable RadioVintage 1.prefab
  artifactKey: Guid(525d8c5d38ea56544b743f71fe9ca16f) Importer(815301076,1909f56bfc062723c751e8b465ee728b)
Start importing Assets/Prefabs/Interactables/Interactable RadioVintage 1.prefab using Guid(525d8c5d38ea56544b743f71fe9ca16f) Importer(815301076,1909f56bfc062723c751e8b465ee728b)  -> (artifact id: '1648d52c0e84674902016389c0e092fa') in 0.016036 seconds 
  Import took 0.018776 seconds .

========================================================================
Received Import Request.
  Time since last request: 20.499929 seconds.
  path: Assets/Prefabs/Interactables/Interactable RadioVintage 1.prefab
  artifactKey: Guid(525d8c5d38ea56544b743f71fe9ca16f) Importer(815301076,1909f56bfc062723c751e8b465ee728b)
Start importing Assets/Prefabs/Interactables/Interactable RadioVintage 1.prefab using Guid(525d8c5d38ea56544b743f71fe9ca16f) Importer(815301076,1909f56bfc062723c751e8b465ee728b)  -> (artifact id: 'e9c71b1a14d9de7c8fcd1e96b0b5c969') in 0.016274 seconds 
  Import took 0.019038 seconds .

========================================================================
Received Prepare
Registering precompiled user dll's ...
Registered in 0.001865 seconds.
Begin MonoManager ReloadAssembly
Native extension for WindowsStandalone target not found
Native extension for WebGL target not found
Refreshing native plugins compatible for Editor in 0.42 ms, found 2 plugins.
Preloading 0 native plugins for Editor in 0.00 ms.
Mono: successfully reloaded assembly
- Completed reload, in  0.644 seconds
Domain Reload Profiling:
	ReloadAssembly (644ms)
		BeginReloadAssembly (84ms)
			ExecutionOrderSort (0ms)
			DisableScriptedObjects (3ms)
			BackupInstance (0ms)
			ReleaseScriptingObjects (0ms)
			CreateAndSetChildDomain (24ms)
		EndReloadAssembly (521ms)
			LoadAssemblies (55ms)
			RebuildTransferFunctionScriptingTraits (0ms)
			SetupTypeCache (164ms)
			ReleaseScriptCaches (1ms)
			RebuildScriptCaches (24ms)
			SetupLoadedEditorAssemblies (213ms)
				LogAssemblyErrors (0ms)
				InitializePlatformSupportModulesInManaged (3ms)
				SetLoadedEditorAssemblies (0ms)
				RefreshPlugins (0ms)
				BeforeProcessingInitializeOnLoad (47ms)
				ProcessInitializeOnLoadAttributes (152ms)
				ProcessInitializeOnLoadMethodAttributes (5ms)
				AfterProcessingInitializeOnLoad (4ms)
				EditorAssembliesLoaded (0ms)
			ExecutionOrderSort2 (0ms)
			AwakeInstancesAfterBackupRestoration (4ms)
Platform modules already initialized, skipping
Refreshing native plugins compatible for Editor in 0.61 ms, found 2 plugins.
Preloading 0 native plugins for Editor in 0.00 ms.
Unloading 1857 Unused Serialized files (Serialized files now loaded: 0)
System memory in use before: 90.4 MB.
System memory in use after: 90.5 MB.

Unloading 12 unused Assets to reduce memory usage. Loaded Objects now: 2351.
Total: 2.342100 ms (FindLiveObjects: 0.150300 ms CreateObjectMapping: 0.047000 ms MarkObjects: 2.132700 ms  DeleteObjects: 0.011100 ms)

AssetImportParameters requested are different than current active one (requested -> active):
  custom:framework-win-MediaFoundation: 216162199b28c13a410421893ffa2e32 -> 
  custom:video-decoder-ogg-theora: a1e56fd34408186e4bbccfd4996cb3dc -> 
  custom:container-muxer-webm: aa71ff27fc2769a1b78a27578f13a17b -> 
  custom:container-demuxer-webm: 4f35f7cbe854078d1ac9338744f61a02 -> 
  custom:container-demuxer-ogg: 62fdf1f143b41e24485cea50d1cbac27 -> 
  custom:video-encoder-webm-vp8: eb34c28f22e8b96e1ab97ce403110664 -> 
  custom:video-decoder-webm-vp8: 9c59270c3fd7afecdb556c50c9e8de78 -> 
  custom:audio-decoder-ogg-vorbis: bf7c407c2cedff20999df2af8eb42d56 -> 
  custom:audio-encoder-webm-vorbis: bf7c407c2cedff20999df2af8eb42d56 -> 
========================================================================
Received Import Request.
  Time since last request: 68.186426 seconds.
  path: Assets/Prefabs/Interactables/Interactable RadioVintage 1.prefab
  artifactKey: Guid(525d8c5d38ea56544b743f71fe9ca16f) Importer(815301076,1909f56bfc062723c751e8b465ee728b)
Start importing Assets/Prefabs/Interactables/Interactable RadioVintage 1.prefab using Guid(525d8c5d38ea56544b743f71fe9ca16f) Importer(815301076,1909f56bfc062723c751e8b465ee728b)  -> (artifact id: '2f805417fc9c70bfca5d6cc78720e224') in 0.045856 seconds 
  Import took 0.048477 seconds .

========================================================================
Received Prepare
Registering precompiled user dll's ...
Registered in 0.001845 seconds.
Begin MonoManager ReloadAssembly
Native extension for WindowsStandalone target not found
Native extension for WebGL target not found
Refreshing native plugins compatible for Editor in 0.42 ms, found 2 plugins.
Preloading 0 native plugins for Editor in 0.00 ms.
Mono: successfully reloaded assembly
- Completed reload, in  0.653 seconds
Domain Reload Profiling:
	ReloadAssembly (653ms)
		BeginReloadAssembly (85ms)
			ExecutionOrderSort (0ms)
			DisableScriptedObjects (3ms)
			BackupInstance (0ms)
			ReleaseScriptingObjects (0ms)
			CreateAndSetChildDomain (24ms)
		EndReloadAssembly (528ms)
			LoadAssemblies (55ms)
			RebuildTransferFunctionScriptingTraits (0ms)
			SetupTypeCache (166ms)
			ReleaseScriptCaches (1ms)
			RebuildScriptCaches (25ms)
			SetupLoadedEditorAssemblies (215ms)
				LogAssemblyErrors (0ms)
				InitializePlatformSupportModulesInManaged (3ms)
				SetLoadedEditorAssemblies (0ms)
				RefreshPlugins (0ms)
				BeforeProcessingInitializeOnLoad (47ms)
				ProcessInitializeOnLoadAttributes (154ms)
				ProcessInitializeOnLoadMethodAttributes (4ms)
				AfterProcessingInitializeOnLoad (5ms)
				EditorAssembliesLoaded (0ms)
			ExecutionOrderSort2 (0ms)
			AwakeInstancesAfterBackupRestoration (5ms)
Platform modules already initialized, skipping
Refreshing native plugins compatible for Editor in 0.42 ms, found 2 plugins.
Preloading 0 native plugins for Editor in 0.00 ms.
Unloading 1857 Unused Serialized files (Serialized files now loaded: 0)
System memory in use before: 90.4 MB.
System memory in use after: 90.5 MB.

Unloading 12 unused Assets to reduce memory usage. Loaded Objects now: 2354.
Total: 2.330600 ms (FindLiveObjects: 0.150400 ms CreateObjectMapping: 0.042300 ms MarkObjects: 2.125700 ms  DeleteObjects: 0.011600 ms)

AssetImportParameters requested are different than current active one (requested -> active):
  custom:framework-win-MediaFoundation: 216162199b28c13a410421893ffa2e32 -> 
  custom:video-decoder-ogg-theora: a1e56fd34408186e4bbccfd4996cb3dc -> 
  custom:container-muxer-webm: aa71ff27fc2769a1b78a27578f13a17b -> 
  custom:container-demuxer-webm: 4f35f7cbe854078d1ac9338744f61a02 -> 
  custom:container-demuxer-ogg: 62fdf1f143b41e24485cea50d1cbac27 -> 
  custom:video-encoder-webm-vp8: eb34c28f22e8b96e1ab97ce403110664 -> 
  custom:video-decoder-webm-vp8: 9c59270c3fd7afecdb556c50c9e8de78 -> 
  custom:audio-decoder-ogg-vorbis: bf7c407c2cedff20999df2af8eb42d56 -> 
  custom:audio-encoder-webm-vorbis: bf7c407c2cedff20999df2af8eb42d56 -> 
========================================================================
Received Import Request.
  Time since last request: 28.376983 seconds.
  path: Assets/Prefabs/Interactables/Interactable RadioVintage 1.prefab
  artifactKey: Guid(525d8c5d38ea56544b743f71fe9ca16f) Importer(815301076,1909f56bfc062723c751e8b465ee728b)
Start importing Assets/Prefabs/Interactables/Interactable RadioVintage 1.prefab using Guid(525d8c5d38ea56544b743f71fe9ca16f) Importer(815301076,1909f56bfc062723c751e8b465ee728b)  -> (artifact id: 'f511fb969233c0c0b67374e1c53d71ec') in 0.048091 seconds 
  Import took 0.050707 seconds .

========================================================================
Received Prepare
Registering precompiled user dll's ...
Registered in 0.001908 seconds.
Begin MonoManager ReloadAssembly
Native extension for WindowsStandalone target not found
Native extension for WebGL target not found
Refreshing native plugins compatible for Editor in 0.43 ms, found 2 plugins.
Preloading 0 native plugins for Editor in 0.00 ms.
Mono: successfully reloaded assembly
- Completed reload, in  0.635 seconds
Domain Reload Profiling:
	ReloadAssembly (635ms)
		BeginReloadAssembly (76ms)
			ExecutionOrderSort (0ms)
			DisableScriptedObjects (3ms)
			BackupInstance (0ms)
			ReleaseScriptingObjects (0ms)
			CreateAndSetChildDomain (24ms)
		EndReloadAssembly (519ms)
			LoadAssemblies (56ms)
			RebuildTransferFunctionScriptingTraits (0ms)
			SetupTypeCache (167ms)
			ReleaseScriptCaches (1ms)
			RebuildScriptCaches (24ms)
			SetupLoadedEditorAssemblies (208ms)
				LogAssemblyErrors (0ms)
				InitializePlatformSupportModulesInManaged (3ms)
				SetLoadedEditorAssemblies (0ms)
				RefreshPlugins (0ms)
				BeforeProcessingInitializeOnLoad (46ms)
				ProcessInitializeOnLoadAttributes (149ms)
				ProcessInitializeOnLoadMethodAttributes (4ms)
				AfterProcessingInitializeOnLoad (4ms)
				EditorAssembliesLoaded (0ms)
			ExecutionOrderSort2 (0ms)
			AwakeInstancesAfterBackupRestoration (4ms)
Platform modules already initialized, skipping
Refreshing native plugins compatible for Editor in 0.42 ms, found 2 plugins.
Preloading 0 native plugins for Editor in 0.00 ms.
Unloading 1857 Unused Serialized files (Serialized files now loaded: 0)
System memory in use before: 90.4 MB.
System memory in use after: 90.6 MB.

Unloading 12 unused Assets to reduce memory usage. Loaded Objects now: 2357.
Total: 2.278200 ms (FindLiveObjects: 0.144300 ms CreateObjectMapping: 0.042600 ms MarkObjects: 2.078400 ms  DeleteObjects: 0.012200 ms)

AssetImportParameters requested are different than current active one (requested -> active):
  custom:framework-win-MediaFoundation: 216162199b28c13a410421893ffa2e32 -> 
  custom:video-decoder-ogg-theora: a1e56fd34408186e4bbccfd4996cb3dc -> 
  custom:container-muxer-webm: aa71ff27fc2769a1b78a27578f13a17b -> 
  custom:container-demuxer-webm: 4f35f7cbe854078d1ac9338744f61a02 -> 
  custom:container-demuxer-ogg: 62fdf1f143b41e24485cea50d1cbac27 -> 
  custom:video-encoder-webm-vp8: eb34c28f22e8b96e1ab97ce403110664 -> 
  custom:video-decoder-webm-vp8: 9c59270c3fd7afecdb556c50c9e8de78 -> 
  custom:audio-decoder-ogg-vorbis: bf7c407c2cedff20999df2af8eb42d56 -> 
  custom:audio-encoder-webm-vorbis: bf7c407c2cedff20999df2af8eb42d56 -> 
========================================================================
Received Import Request.
  Time since last request: 20.716024 seconds.
  path: Assets/Prefabs/Interactables/Interactable RadioVintage 1.prefab
  artifactKey: Guid(525d8c5d38ea56544b743f71fe9ca16f) Importer(815301076,1909f56bfc062723c751e8b465ee728b)
Start importing Assets/Prefabs/Interactables/Interactable RadioVintage 1.prefab using Guid(525d8c5d38ea56544b743f71fe9ca16f) Importer(815301076,1909f56bfc062723c751e8b465ee728b)  -> (artifact id: '1b05157251efb01d601a0871b42f15df') in 0.046340 seconds 
  Import took 0.049003 seconds .

========================================================================
Received Prepare
Registering precompiled user dll's ...
Registered in 0.002045 seconds.
Begin MonoManager ReloadAssembly
Native extension for WindowsStandalone target not found
Native extension for WebGL target not found
Refreshing native plugins compatible for Editor in 0.43 ms, found 2 plugins.
Preloading 0 native plugins for Editor in 0.00 ms.
Mono: successfully reloaded assembly
- Completed reload, in  0.678 seconds
Domain Reload Profiling:
	ReloadAssembly (678ms)
		BeginReloadAssembly (91ms)
			ExecutionOrderSort (0ms)
			DisableScriptedObjects (3ms)
			BackupInstance (0ms)
			ReleaseScriptingObjects (0ms)
			CreateAndSetChildDomain (25ms)
		EndReloadAssembly (543ms)
			LoadAssemblies (59ms)
			RebuildTransferFunctionScriptingTraits (0ms)
			SetupTypeCache (171ms)
			ReleaseScriptCaches (1ms)
			RebuildScriptCaches (25ms)
			SetupLoadedEditorAssemblies (222ms)
				LogAssemblyErrors (0ms)
				InitializePlatformSupportModulesInManaged (4ms)
				SetLoadedEditorAssemblies (0ms)
				RefreshPlugins (0ms)
				BeforeProcessingInitializeOnLoad (49ms)
				ProcessInitializeOnLoadAttributes (159ms)
				ProcessInitializeOnLoadMethodAttributes (4ms)
				AfterProcessingInitializeOnLoad (5ms)
				EditorAssembliesLoaded (0ms)
			ExecutionOrderSort2 (0ms)
			AwakeInstancesAfterBackupRestoration (4ms)
Platform modules already initialized, skipping
Refreshing native plugins compatible for Editor in 0.45 ms, found 2 plugins.
Preloading 0 native plugins for Editor in 0.00 ms.
Unloading 1857 Unused Serialized files (Serialized files now loaded: 0)
System memory in use before: 90.5 MB.
System memory in use after: 90.6 MB.

Unloading 12 unused Assets to reduce memory usage. Loaded Objects now: 2360.
Total: 2.593900 ms (FindLiveObjects: 0.175900 ms CreateObjectMapping: 0.065300 ms MarkObjects: 2.340800 ms  DeleteObjects: 0.011200 ms)

AssetImportParameters requested are different than current active one (requested -> active):
  custom:framework-win-MediaFoundation: 216162199b28c13a410421893ffa2e32 -> 
  custom:video-decoder-ogg-theora: a1e56fd34408186e4bbccfd4996cb3dc -> 
  custom:container-muxer-webm: aa71ff27fc2769a1b78a27578f13a17b -> 
  custom:container-demuxer-webm: 4f35f7cbe854078d1ac9338744f61a02 -> 
  custom:container-demuxer-ogg: 62fdf1f143b41e24485cea50d1cbac27 -> 
  custom:video-encoder-webm-vp8: eb34c28f22e8b96e1ab97ce403110664 -> 
  custom:video-decoder-webm-vp8: 9c59270c3fd7afecdb556c50c9e8de78 -> 
  custom:audio-decoder-ogg-vorbis: bf7c407c2cedff20999df2af8eb42d56 -> 
  custom:audio-encoder-webm-vorbis: bf7c407c2cedff20999df2af8eb42d56 -> 
========================================================================
Received Import Request.
  Time since last request: 12.263587 seconds.
  path: Assets/Prefabs/Interactables/Interactable RadioVintage 1.prefab
  artifactKey: Guid(525d8c5d38ea56544b743f71fe9ca16f) Importer(815301076,1909f56bfc062723c751e8b465ee728b)
Start importing Assets/Prefabs/Interactables/Interactable RadioVintage 1.prefab using Guid(525d8c5d38ea56544b743f71fe9ca16f) Importer(815301076,1909f56bfc062723c751e8b465ee728b)  -> (artifact id: '5226639f2c09e2d5e3afb2143192a872') in 0.047162 seconds 
  Import took 0.049906 seconds .

========================================================================
Received Import Request.
  Time since last request: 0.078263 seconds.
  path: Assets/Prefabs/Interactables/Interactable RadioVintage 1.prefab
  artifactKey: Guid(525d8c5d38ea56544b743f71fe9ca16f) Importer(815301076,1909f56bfc062723c751e8b465ee728b)
Start importing Assets/Prefabs/Interactables/Interactable RadioVintage 1.prefab using Guid(525d8c5d38ea56544b743f71fe9ca16f) Importer(815301076,1909f56bfc062723c751e8b465ee728b)  -> (artifact id: '5226639f2c09e2d5e3afb2143192a872') in 0.017610 seconds 
  Import took 0.020282 seconds .

========================================================================
Received Import Request.
  Time since last request: 50.354462 seconds.
  path: Assets/Prefabs/Interactables/Interactable RadioVintage 1.prefab
  artifactKey: Guid(525d8c5d38ea56544b743f71fe9ca16f) Importer(815301076,1909f56bfc062723c751e8b465ee728b)
Start importing Assets/Prefabs/Interactables/Interactable RadioVintage 1.prefab using Guid(525d8c5d38ea56544b743f71fe9ca16f) Importer(815301076,1909f56bfc062723c751e8b465ee728b)  -> (artifact id: 'ba2f34ade1f27bf12c1b3da660db86a2') in 0.017546 seconds 
  Import took 0.020533 seconds .

========================================================================
Received Import Request.
  Time since last request: 2.389520 seconds.
  path: Assets/Prefabs/Interactables/Interactable RadioVintage 1.prefab
  artifactKey: Guid(525d8c5d38ea56544b743f71fe9ca16f) Importer(815301076,1909f56bfc062723c751e8b465ee728b)
Start importing Assets/Prefabs/Interactables/Interactable RadioVintage 1.prefab using Guid(525d8c5d38ea56544b743f71fe9ca16f) Importer(815301076,1909f56bfc062723c751e8b465ee728b)  -> (artifact id: 'ded285a90242b32336011bb5c2f0fb01') in 0.016348 seconds 
  Import took 0.019043 seconds .

========================================================================
Received Import Request.
  Time since last request: 0.781652 seconds.
  path: Assets/Prefabs/Interactables/Interactable RadioVintage 1.prefab
  artifactKey: Guid(525d8c5d38ea56544b743f71fe9ca16f) Importer(815301076,1909f56bfc062723c751e8b465ee728b)
Start importing Assets/Prefabs/Interactables/Interactable RadioVintage 1.prefab using Guid(525d8c5d38ea56544b743f71fe9ca16f) Importer(815301076,1909f56bfc062723c751e8b465ee728b)  -> (artifact id: '5a4f72de654915c45dd1b08417576fb4') in 0.015927 seconds 
  Import took 0.018468 seconds .

========================================================================
Received Prepare
Registering precompiled user dll's ...
Registered in 0.002074 seconds.
Begin MonoManager ReloadAssembly
Native extension for WindowsStandalone target not found
Native extension for WebGL target not found
Refreshing native plugins compatible for Editor in 0.44 ms, found 2 plugins.
Preloading 0 native plugins for Editor in 0.00 ms.
Mono: successfully reloaded assembly
- Completed reload, in  0.692 seconds
Domain Reload Profiling:
	ReloadAssembly (693ms)
		BeginReloadAssembly (89ms)
			ExecutionOrderSort (0ms)
			DisableScriptedObjects (3ms)
			BackupInstance (0ms)
			ReleaseScriptingObjects (0ms)
			CreateAndSetChildDomain (25ms)
		EndReloadAssembly (560ms)
			LoadAssemblies (57ms)
			RebuildTransferFunctionScriptingTraits (0ms)
			SetupTypeCache (172ms)
			ReleaseScriptCaches (1ms)
			RebuildScriptCaches (26ms)
			SetupLoadedEditorAssemblies (223ms)
				LogAssemblyErrors (0ms)
				InitializePlatformSupportModulesInManaged (4ms)
				SetLoadedEditorAssemblies (0ms)
				RefreshPlugins (0ms)
				BeforeProcessingInitializeOnLoad (50ms)
				ProcessInitializeOnLoadAttributes (160ms)
				ProcessInitializeOnLoadMethodAttributes (4ms)
				AfterProcessingInitializeOnLoad (5ms)
				EditorAssembliesLoaded (0ms)
			ExecutionOrderSort2 (0ms)
			AwakeInstancesAfterBackupRestoration (5ms)
Platform modules already initialized, skipping
Refreshing native plugins compatible for Editor in 0.42 ms, found 2 plugins.
Preloading 0 native plugins for Editor in 0.00 ms.
Unloading 1857 Unused Serialized files (Serialized files now loaded: 0)
System memory in use before: 90.5 MB.
System memory in use after: 90.6 MB.

Unloading 12 unused Assets to reduce memory usage. Loaded Objects now: 2363.
Total: 2.496500 ms (FindLiveObjects: 0.148500 ms CreateObjectMapping: 0.042300 ms MarkObjects: 2.290800 ms  DeleteObjects: 0.014100 ms)

AssetImportParameters requested are different than current active one (requested -> active):
  custom:framework-win-MediaFoundation: 216162199b28c13a410421893ffa2e32 -> 
  custom:video-decoder-ogg-theora: a1e56fd34408186e4bbccfd4996cb3dc -> 
  custom:container-muxer-webm: aa71ff27fc2769a1b78a27578f13a17b -> 
  custom:container-demuxer-webm: 4f35f7cbe854078d1ac9338744f61a02 -> 
  custom:container-demuxer-ogg: 62fdf1f143b41e24485cea50d1cbac27 -> 
  custom:video-encoder-webm-vp8: eb34c28f22e8b96e1ab97ce403110664 -> 
  custom:video-decoder-webm-vp8: 9c59270c3fd7afecdb556c50c9e8de78 -> 
  custom:audio-decoder-ogg-vorbis: bf7c407c2cedff20999df2af8eb42d56 -> 
  custom:audio-encoder-webm-vorbis: bf7c407c2cedff20999df2af8eb42d56 -> 
========================================================================
Received Import Request.
  Time since last request: 15.645649 seconds.
  path: Assets/Prefabs/Interactables/Interactable RadioVintage 1.prefab
  artifactKey: Guid(525d8c5d38ea56544b743f71fe9ca16f) Importer(815301076,1909f56bfc062723c751e8b465ee728b)
Start importing Assets/Prefabs/Interactables/Interactable RadioVintage 1.prefab using Guid(525d8c5d38ea56544b743f71fe9ca16f) Importer(815301076,1909f56bfc062723c751e8b465ee728b)  -> (artifact id: '1f9538c71dd5e7ac7dc90f52e992759c') in 0.066697 seconds 
  Import took 0.070298 seconds .

========================================================================
Received Prepare
Registering precompiled user dll's ...
Registered in 0.001980 seconds.
Begin MonoManager ReloadAssembly
Native extension for WindowsStandalone target not found
Native extension for WebGL target not found
Refreshing native plugins compatible for Editor in 0.42 ms, found 2 plugins.
Preloading 0 native plugins for Editor in 0.00 ms.
Mono: successfully reloaded assembly
- Completed reload, in  0.679 seconds
Domain Reload Profiling:
	ReloadAssembly (680ms)
		BeginReloadAssembly (87ms)
			ExecutionOrderSort (0ms)
			DisableScriptedObjects (3ms)
			BackupInstance (0ms)
			ReleaseScriptingObjects (0ms)
			CreateAndSetChildDomain (25ms)
		EndReloadAssembly (549ms)
			LoadAssemblies (56ms)
			RebuildTransferFunctionScriptingTraits (0ms)
			SetupTypeCache (174ms)
			ReleaseScriptCaches (1ms)
			RebuildScriptCaches (27ms)
			SetupLoadedEditorAssemblies (222ms)
				LogAssemblyErrors (0ms)
				InitializePlatformSupportModulesInManaged (4ms)
				SetLoadedEditorAssemblies (0ms)
				RefreshPlugins (0ms)
				BeforeProcessingInitializeOnLoad (50ms)
				ProcessInitializeOnLoadAttributes (158ms)
				ProcessInitializeOnLoadMethodAttributes (4ms)
				AfterProcessingInitializeOnLoad (5ms)
				EditorAssembliesLoaded (0ms)
			ExecutionOrderSort2 (0ms)
			AwakeInstancesAfterBackupRestoration (4ms)
Platform modules already initialized, skipping
Refreshing native plugins compatible for Editor in 0.43 ms, found 2 plugins.
Preloading 0 native plugins for Editor in 0.00 ms.
Unloading 1857 Unused Serialized files (Serialized files now loaded: 0)
System memory in use before: 90.5 MB.
System memory in use after: 90.6 MB.

Unloading 12 unused Assets to reduce memory usage. Loaded Objects now: 2366.
Total: 2.576400 ms (FindLiveObjects: 0.150200 ms CreateObjectMapping: 0.043200 ms MarkObjects: 2.352500 ms  DeleteObjects: 0.029300 ms)

AssetImportParameters requested are different than current active one (requested -> active):
  custom:framework-win-MediaFoundation: 216162199b28c13a410421893ffa2e32 -> 
  custom:video-decoder-ogg-theora: a1e56fd34408186e4bbccfd4996cb3dc -> 
  custom:container-muxer-webm: aa71ff27fc2769a1b78a27578f13a17b -> 
  custom:container-demuxer-webm: 4f35f7cbe854078d1ac9338744f61a02 -> 
  custom:container-demuxer-ogg: 62fdf1f143b41e24485cea50d1cbac27 -> 
  custom:video-encoder-webm-vp8: eb34c28f22e8b96e1ab97ce403110664 -> 
  custom:video-decoder-webm-vp8: 9c59270c3fd7afecdb556c50c9e8de78 -> 
  custom:audio-decoder-ogg-vorbis: bf7c407c2cedff20999df2af8eb42d56 -> 
  custom:audio-encoder-webm-vorbis: bf7c407c2cedff20999df2af8eb42d56 -> 
========================================================================
Received Import Request.
  Time since last request: 19.622678 seconds.
  path: Assets/Prefabs/Interactables/Interactable RadioVintage 1.prefab
  artifactKey: Guid(525d8c5d38ea56544b743f71fe9ca16f) Importer(815301076,1909f56bfc062723c751e8b465ee728b)
Start importing Assets/Prefabs/Interactables/Interactable RadioVintage 1.prefab using Guid(525d8c5d38ea56544b743f71fe9ca16f) Importer(815301076,1909f56bfc062723c751e8b465ee728b)  -> (artifact id: '4f51da97f42af4883be2928ccbed051a') in 0.047037 seconds 
  Import took 0.050313 seconds .

========================================================================
Received Import Request.
  Time since last request: 3.722934 seconds.
  path: Assets/Prefabs/Interactables/Interactable RadioVintage 1.prefab
  artifactKey: Guid(525d8c5d38ea56544b743f71fe9ca16f) Importer(815301076,1909f56bfc062723c751e8b465ee728b)
Start importing Assets/Prefabs/Interactables/Interactable RadioVintage 1.prefab using Guid(525d8c5d38ea56544b743f71fe9ca16f) Importer(815301076,1909f56bfc062723c751e8b465ee728b)  -> (artifact id: 'ef5620efa8a82283f4b593c8566fb5fe') in 0.024034 seconds 
  Import took 0.026920 seconds .

========================================================================
Received Prepare
Registering precompiled user dll's ...
Registered in 0.001886 seconds.
Begin MonoManager ReloadAssembly
Native extension for WindowsStandalone target not found
Native extension for WebGL target not found
Refreshing native plugins compatible for Editor in 0.42 ms, found 2 plugins.
Preloading 0 native plugins for Editor in 0.00 ms.
Mono: successfully reloaded assembly
- Completed reload, in  0.652 seconds
Domain Reload Profiling:
	ReloadAssembly (652ms)
		BeginReloadAssembly (86ms)
			ExecutionOrderSort (0ms)
			DisableScriptedObjects (3ms)
			BackupInstance (0ms)
			ReleaseScriptingObjects (0ms)
			CreateAndSetChildDomain (24ms)
		EndReloadAssembly (526ms)
			LoadAssemblies (55ms)
			RebuildTransferFunctionScriptingTraits (0ms)
			SetupTypeCache (170ms)
			ReleaseScriptCaches (1ms)
			RebuildScriptCaches (25ms)
			SetupLoadedEditorAssemblies (211ms)
				LogAssemblyErrors (0ms)
				InitializePlatformSupportModulesInManaged (3ms)
				SetLoadedEditorAssemblies (0ms)
				RefreshPlugins (0ms)
				BeforeProcessingInitializeOnLoad (49ms)
				ProcessInitializeOnLoadAttributes (149ms)
				ProcessInitializeOnLoadMethodAttributes (4ms)
				AfterProcessingInitializeOnLoad (4ms)
				EditorAssembliesLoaded (0ms)
			ExecutionOrderSort2 (0ms)
			AwakeInstancesAfterBackupRestoration (5ms)
Platform modules already initialized, skipping
Refreshing native plugins compatible for Editor in 0.43 ms, found 2 plugins.
Preloading 0 native plugins for Editor in 0.00 ms.
Unloading 1857 Unused Serialized files (Serialized files now loaded: 0)
System memory in use before: 90.5 MB.
System memory in use after: 90.6 MB.

Unloading 12 unused Assets to reduce memory usage. Loaded Objects now: 2369.
Total: 2.579300 ms (FindLiveObjects: 0.151100 ms CreateObjectMapping: 0.042600 ms MarkObjects: 2.369400 ms  DeleteObjects: 0.015400 ms)

AssetImportParameters requested are different than current active one (requested -> active):
  custom:framework-win-MediaFoundation: 216162199b28c13a410421893ffa2e32 -> 
  custom:video-decoder-ogg-theora: a1e56fd34408186e4bbccfd4996cb3dc -> 
  custom:container-muxer-webm: aa71ff27fc2769a1b78a27578f13a17b -> 
  custom:container-demuxer-webm: 4f35f7cbe854078d1ac9338744f61a02 -> 
  custom:container-demuxer-ogg: 62fdf1f143b41e24485cea50d1cbac27 -> 
  custom:video-encoder-webm-vp8: eb34c28f22e8b96e1ab97ce403110664 -> 
  custom:video-decoder-webm-vp8: 9c59270c3fd7afecdb556c50c9e8de78 -> 
  custom:audio-decoder-ogg-vorbis: bf7c407c2cedff20999df2af8eb42d56 -> 
  custom:audio-encoder-webm-vorbis: bf7c407c2cedff20999df2af8eb42d56 -> 
========================================================================
Received Import Request.
  Time since last request: 24.845174 seconds.
  path: Assets/Prefabs/Interactables/Interactable RadioVintage 1.prefab
  artifactKey: Guid(525d8c5d38ea56544b743f71fe9ca16f) Importer(815301076,1909f56bfc062723c751e8b465ee728b)
Start importing Assets/Prefabs/Interactables/Interactable RadioVintage 1.prefab using Guid(525d8c5d38ea56544b743f71fe9ca16f) Importer(815301076,1909f56bfc062723c751e8b465ee728b)  -> (artifact id: '2364683c16dcadef5288a95376141fc7') in 0.047233 seconds 
  Import took 0.050141 seconds .

========================================================================
Received Prepare
Registering precompiled user dll's ...
Registered in 0.001942 seconds.
Begin MonoManager ReloadAssembly
Native extension for WindowsStandalone target not found
Native extension for WebGL target not found
Refreshing native plugins compatible for Editor in 0.44 ms, found 2 plugins.
Preloading 0 native plugins for Editor in 0.00 ms.
Mono: successfully reloaded assembly
- Completed reload, in  0.672 seconds
Domain Reload Profiling:
	ReloadAssembly (672ms)
		BeginReloadAssembly (80ms)
			ExecutionOrderSort (0ms)
			DisableScriptedObjects (3ms)
			BackupInstance (0ms)
			ReleaseScriptingObjects (0ms)
			CreateAndSetChildDomain (26ms)
		EndReloadAssembly (550ms)
			LoadAssemblies (57ms)
			RebuildTransferFunctionScriptingTraits (0ms)
			SetupTypeCache (178ms)
			ReleaseScriptCaches (1ms)
			RebuildScriptCaches (26ms)
			SetupLoadedEditorAssemblies (223ms)
				LogAssemblyErrors (0ms)
				InitializePlatformSupportModulesInManaged (4ms)
				SetLoadedEditorAssemblies (0ms)
				RefreshPlugins (0ms)
				BeforeProcessingInitializeOnLoad (48ms)
				ProcessInitializeOnLoadAttributes (161ms)
				ProcessInitializeOnLoadMethodAttributes (4ms)
				AfterProcessingInitializeOnLoad (5ms)
				EditorAssembliesLoaded (0ms)
			ExecutionOrderSort2 (0ms)
			AwakeInstancesAfterBackupRestoration (5ms)
Platform modules already initialized, skipping
Refreshing native plugins compatible for Editor in 0.46 ms, found 2 plugins.
Preloading 0 native plugins for Editor in 0.00 ms.
Unloading 1857 Unused Serialized files (Serialized files now loaded: 0)
System memory in use before: 90.5 MB.
System memory in use after: 90.6 MB.

Unloading 12 unused Assets to reduce memory usage. Loaded Objects now: 2372.
Total: 2.520000 ms (FindLiveObjects: 0.167500 ms CreateObjectMapping: 0.057300 ms MarkObjects: 2.282800 ms  DeleteObjects: 0.011800 ms)

AssetImportParameters requested are different than current active one (requested -> active):
  custom:framework-win-MediaFoundation: 216162199b28c13a410421893ffa2e32 -> 
  custom:video-decoder-ogg-theora: a1e56fd34408186e4bbccfd4996cb3dc -> 
  custom:container-muxer-webm: aa71ff27fc2769a1b78a27578f13a17b -> 
  custom:container-demuxer-webm: 4f35f7cbe854078d1ac9338744f61a02 -> 
  custom:container-demuxer-ogg: 62fdf1f143b41e24485cea50d1cbac27 -> 
  custom:video-encoder-webm-vp8: eb34c28f22e8b96e1ab97ce403110664 -> 
  custom:video-decoder-webm-vp8: 9c59270c3fd7afecdb556c50c9e8de78 -> 
  custom:audio-decoder-ogg-vorbis: bf7c407c2cedff20999df2af8eb42d56 -> 
  custom:audio-encoder-webm-vorbis: bf7c407c2cedff20999df2af8eb42d56 -> 
========================================================================
Received Import Request.
  Time since last request: 53.034753 seconds.
  path: Assets/Prefabs/Interactables/Interactable RadioVintage 1.prefab
  artifactKey: Guid(525d8c5d38ea56544b743f71fe9ca16f) Importer(815301076,1909f56bfc062723c751e8b465ee728b)
Start importing Assets/Prefabs/Interactables/Interactable RadioVintage 1.prefab using Guid(525d8c5d38ea56544b743f71fe9ca16f) Importer(815301076,1909f56bfc062723c751e8b465ee728b)  -> (artifact id: '2f603d4fbf7c62ddd76ae63c9be280ab') in 0.048162 seconds 
  Import took 0.051290 seconds .

========================================================================
Received Import Request.
  Time since last request: 0.003300 seconds.
  path: Assets/Prefabs/Interactables/Interactable RadioVintage 1.prefab
  artifactKey: Guid(525d8c5d38ea56544b743f71fe9ca16f) Importer(815301076,1909f56bfc062723c751e8b465ee728b)
Start importing Assets/Prefabs/Interactables/Interactable RadioVintage 1.prefab using Guid(525d8c5d38ea56544b743f71fe9ca16f) Importer(815301076,1909f56bfc062723c751e8b465ee728b)  -> (artifact id: '2f603d4fbf7c62ddd76ae63c9be280ab') in 0.015792 seconds 
  Import took 0.018552 seconds .

========================================================================
Received Prepare
Registering precompiled user dll's ...
Registered in 0.002216 seconds.
Begin MonoManager ReloadAssembly
Native extension for WindowsStandalone target not found
Native extension for WebGL target not found
Refreshing native plugins compatible for Editor in 0.42 ms, found 2 plugins.
Preloading 0 native plugins for Editor in 0.00 ms.
Mono: successfully reloaded assembly
- Completed reload, in  0.685 seconds
Domain Reload Profiling:
	ReloadAssembly (686ms)
		BeginReloadAssembly (86ms)
			ExecutionOrderSort (0ms)
			DisableScriptedObjects (3ms)
			BackupInstance (0ms)
			ReleaseScriptingObjects (0ms)
			CreateAndSetChildDomain (26ms)
		EndReloadAssembly (556ms)
			LoadAssemblies (58ms)
			RebuildTransferFunctionScriptingTraits (0ms)
			SetupTypeCache (179ms)
			ReleaseScriptCaches (1ms)
			RebuildScriptCaches (26ms)
			SetupLoadedEditorAssemblies (226ms)
				LogAssemblyErrors (0ms)
				InitializePlatformSupportModulesInManaged (4ms)
				SetLoadedEditorAssemblies (0ms)
				RefreshPlugins (0ms)
				BeforeProcessingInitializeOnLoad (51ms)
				ProcessInitializeOnLoadAttributes (162ms)
				ProcessInitializeOnLoadMethodAttributes (4ms)
				AfterProcessingInitializeOnLoad (5ms)
				EditorAssembliesLoaded (0ms)
			ExecutionOrderSort2 (0ms)
			AwakeInstancesAfterBackupRestoration (4ms)
Platform modules already initialized, skipping
Refreshing native plugins compatible for Editor in 0.45 ms, found 2 plugins.
Preloading 0 native plugins for Editor in 0.00 ms.
Unloading 1857 Unused Serialized files (Serialized files now loaded: 0)
System memory in use before: 90.5 MB.
System memory in use after: 90.7 MB.

Unloading 12 unused Assets to reduce memory usage. Loaded Objects now: 2375.
Total: 2.441500 ms (FindLiveObjects: 0.172400 ms CreateObjectMapping: 0.064200 ms MarkObjects: 2.192200 ms  DeleteObjects: 0.011900 ms)

AssetImportParameters requested are different than current active one (requested -> active):
  custom:framework-win-MediaFoundation: 216162199b28c13a410421893ffa2e32 -> 
  custom:video-decoder-ogg-theora: a1e56fd34408186e4bbccfd4996cb3dc -> 
  custom:container-muxer-webm: aa71ff27fc2769a1b78a27578f13a17b -> 
  custom:container-demuxer-webm: 4f35f7cbe854078d1ac9338744f61a02 -> 
  custom:container-demuxer-ogg: 62fdf1f143b41e24485cea50d1cbac27 -> 
  custom:video-encoder-webm-vp8: eb34c28f22e8b96e1ab97ce403110664 -> 
  custom:video-decoder-webm-vp8: 9c59270c3fd7afecdb556c50c9e8de78 -> 
  custom:audio-decoder-ogg-vorbis: bf7c407c2cedff20999df2af8eb42d56 -> 
  custom:audio-encoder-webm-vorbis: bf7c407c2cedff20999df2af8eb42d56 -> 
========================================================================
Received Import Request.
  Time since last request: 15.378980 seconds.
  path: Assets/Prefabs/Interactables/Interactable RadioVintage 1.prefab
  artifactKey: Guid(525d8c5d38ea56544b743f71fe9ca16f) Importer(815301076,1909f56bfc062723c751e8b465ee728b)
Start importing Assets/Prefabs/Interactables/Interactable RadioVintage 1.prefab using Guid(525d8c5d38ea56544b743f71fe9ca16f) Importer(815301076,1909f56bfc062723c751e8b465ee728b)  -> (artifact id: 'effc08766078488c4eea8db1e2e97f7f') in 0.047741 seconds 
  Import took 0.050525 seconds .

========================================================================
Received Prepare
Registering precompiled user dll's ...
Registered in 0.001896 seconds.
Begin MonoManager ReloadAssembly
Native extension for WindowsStandalone target not found
Native extension for WebGL target not found
Refreshing native plugins compatible for Editor in 0.42 ms, found 2 plugins.
Preloading 0 native plugins for Editor in 0.00 ms.
Mono: successfully reloaded assembly
- Completed reload, in  0.688 seconds
Domain Reload Profiling:
	ReloadAssembly (689ms)
		BeginReloadAssembly (85ms)
			ExecutionOrderSort (0ms)
			DisableScriptedObjects (3ms)
			BackupInstance (0ms)
			ReleaseScriptingObjects (0ms)
			CreateAndSetChildDomain (26ms)
		EndReloadAssembly (561ms)
			LoadAssemblies (58ms)
			RebuildTransferFunctionScriptingTraits (0ms)
			SetupTypeCache (183ms)
			ReleaseScriptCaches (1ms)
			RebuildScriptCaches (26ms)
			SetupLoadedEditorAssemblies (224ms)
				LogAssemblyErrors (0ms)
				InitializePlatformSupportModulesInManaged (3ms)
				SetLoadedEditorAssemblies (0ms)
				RefreshPlugins (0ms)
				BeforeProcessingInitializeOnLoad (50ms)
				ProcessInitializeOnLoadAttributes (161ms)
				ProcessInitializeOnLoadMethodAttributes (4ms)
				AfterProcessingInitializeOnLoad (5ms)
				EditorAssembliesLoaded (0ms)
			ExecutionOrderSort2 (0ms)
			AwakeInstancesAfterBackupRestoration (5ms)
Platform modules already initialized, skipping
Refreshing native plugins compatible for Editor in 0.42 ms, found 2 plugins.
Preloading 0 native plugins for Editor in 0.00 ms.
Unloading 1857 Unused Serialized files (Serialized files now loaded: 0)
System memory in use before: 90.5 MB.
System memory in use after: 90.7 MB.

Unloading 12 unused Assets to reduce memory usage. Loaded Objects now: 2378.
Total: 2.534600 ms (FindLiveObjects: 0.152900 ms CreateObjectMapping: 0.034900 ms MarkObjects: 2.335000 ms  DeleteObjects: 0.011200 ms)

AssetImportParameters requested are different than current active one (requested -> active):
  custom:framework-win-MediaFoundation: 216162199b28c13a410421893ffa2e32 -> 
  custom:video-decoder-ogg-theora: a1e56fd34408186e4bbccfd4996cb3dc -> 
  custom:container-muxer-webm: aa71ff27fc2769a1b78a27578f13a17b -> 
  custom:container-demuxer-webm: 4f35f7cbe854078d1ac9338744f61a02 -> 
  custom:container-demuxer-ogg: 62fdf1f143b41e24485cea50d1cbac27 -> 
  custom:video-encoder-webm-vp8: eb34c28f22e8b96e1ab97ce403110664 -> 
  custom:video-decoder-webm-vp8: 9c59270c3fd7afecdb556c50c9e8de78 -> 
  custom:audio-decoder-ogg-vorbis: bf7c407c2cedff20999df2af8eb42d56 -> 
  custom:audio-encoder-webm-vorbis: bf7c407c2cedff20999df2af8eb42d56 -> 
========================================================================
Received Prepare
Registering precompiled user dll's ...
Registered in 0.002131 seconds.
Begin MonoManager ReloadAssembly
Native extension for WindowsStandalone target not found
Native extension for WebGL target not found
Refreshing native plugins compatible for Editor in 0.43 ms, found 2 plugins.
Preloading 0 native plugins for Editor in 0.00 ms.
Mono: successfully reloaded assembly
- Completed reload, in  0.680 seconds
Domain Reload Profiling:
	ReloadAssembly (680ms)
		BeginReloadAssembly (83ms)
			ExecutionOrderSort (0ms)
			DisableScriptedObjects (3ms)
			BackupInstance (0ms)
			ReleaseScriptingObjects (0ms)
			CreateAndSetChildDomain (24ms)
		EndReloadAssembly (555ms)
			LoadAssemblies (56ms)
			RebuildTransferFunctionScriptingTraits (0ms)
			SetupTypeCache (182ms)
			ReleaseScriptCaches (1ms)
			RebuildScriptCaches (27ms)
			SetupLoadedEditorAssemblies (221ms)
				LogAssemblyErrors (0ms)
				InitializePlatformSupportModulesInManaged (4ms)
				SetLoadedEditorAssemblies (0ms)
				RefreshPlugins (0ms)
				BeforeProcessingInitializeOnLoad (49ms)
				ProcessInitializeOnLoadAttributes (158ms)
				ProcessInitializeOnLoadMethodAttributes (4ms)
				AfterProcessingInitializeOnLoad (5ms)
				EditorAssembliesLoaded (0ms)
			ExecutionOrderSort2 (0ms)
			AwakeInstancesAfterBackupRestoration (5ms)
Platform modules already initialized, skipping
Refreshing native plugins compatible for Editor in 0.49 ms, found 2 plugins.
Preloading 0 native plugins for Editor in 0.00 ms.
Unloading 1857 Unused Serialized files (Serialized files now loaded: 0)
System memory in use before: 90.6 MB.
System memory in use after: 90.7 MB.

Unloading 12 unused Assets to reduce memory usage. Loaded Objects now: 2380.
Total: 2.480400 ms (FindLiveObjects: 0.151700 ms CreateObjectMapping: 0.056600 ms MarkObjects: 2.259400 ms  DeleteObjects: 0.012000 ms)

AssetImportParameters requested are different than current active one (requested -> active):
  custom:framework-win-MediaFoundation: 216162199b28c13a410421893ffa2e32 -> 
  custom:video-decoder-ogg-theora: a1e56fd34408186e4bbccfd4996cb3dc -> 
  custom:container-muxer-webm: aa71ff27fc2769a1b78a27578f13a17b -> 
  custom:container-demuxer-webm: 4f35f7cbe854078d1ac9338744f61a02 -> 
  custom:container-demuxer-ogg: 62fdf1f143b41e24485cea50d1cbac27 -> 
  custom:video-encoder-webm-vp8: eb34c28f22e8b96e1ab97ce403110664 -> 
  custom:video-decoder-webm-vp8: 9c59270c3fd7afecdb556c50c9e8de78 -> 
  custom:audio-decoder-ogg-vorbis: bf7c407c2cedff20999df2af8eb42d56 -> 
  custom:audio-encoder-webm-vorbis: bf7c407c2cedff20999df2af8eb42d56 -> 
========================================================================
Received Import Request.
  Time since last request: 40.862386 seconds.
  path: Assets/Prefabs/Interactables/Interactable RadioVintage 1.prefab
  artifactKey: Guid(525d8c5d38ea56544b743f71fe9ca16f) Importer(815301076,1909f56bfc062723c751e8b465ee728b)
Start importing Assets/Prefabs/Interactables/Interactable RadioVintage 1.prefab using Guid(525d8c5d38ea56544b743f71fe9ca16f) Importer(815301076,1909f56bfc062723c751e8b465ee728b)  -> (artifact id: 'c8923455a69fae1abec953e56c3473fc') in 0.050321 seconds 
  Import took 0.053171 seconds .

========================================================================
Received Import Request.
  Time since last request: 0.079780 seconds.
  path: Assets/Prefabs/Interactables/Interactable RadioVintage 1.prefab
  artifactKey: Guid(525d8c5d38ea56544b743f71fe9ca16f) Importer(815301076,1909f56bfc062723c751e8b465ee728b)
Start importing Assets/Prefabs/Interactables/Interactable RadioVintage 1.prefab using Guid(525d8c5d38ea56544b743f71fe9ca16f) Importer(815301076,1909f56bfc062723c751e8b465ee728b)  -> (artifact id: 'c8923455a69fae1abec953e56c3473fc') in 0.017962 seconds 
  Import took 0.020680 seconds .

========================================================================
Received Import Request.
  Time since last request: 6.558799 seconds.
  path: Assets/Prefabs/Interactables/Interactable RadioVintage 1.prefab
  artifactKey: Guid(525d8c5d38ea56544b743f71fe9ca16f) Importer(815301076,1909f56bfc062723c751e8b465ee728b)
Start importing Assets/Prefabs/Interactables/Interactable RadioVintage 1.prefab using Guid(525d8c5d38ea56544b743f71fe9ca16f) Importer(815301076,1909f56bfc062723c751e8b465ee728b)  -> (artifact id: '8591343b41b8a7958aea2a1e56f3edf8') in 0.015979 seconds 
  Import took 0.018966 seconds .

========================================================================
Received Import Request.
  Time since last request: 16.273904 seconds.
  path: Assets/Prefabs/Interactables/Interactable RadioVintage 1.prefab
  artifactKey: Guid(525d8c5d38ea56544b743f71fe9ca16f) Importer(815301076,1909f56bfc062723c751e8b465ee728b)
Start importing Assets/Prefabs/Interactables/Interactable RadioVintage 1.prefab using Guid(525d8c5d38ea56544b743f71fe9ca16f) Importer(815301076,1909f56bfc062723c751e8b465ee728b)  -> (artifact id: '1f34990564c2f856411767dd844d41f0') in 0.015535 seconds 
  Import took 0.018419 seconds .

========================================================================
Received Import Request.
  Time since last request: 4.411962 seconds.
  path: Assets/Prefabs/Interactables/Interactable RadioVintage 1.prefab
  artifactKey: Guid(525d8c5d38ea56544b743f71fe9ca16f) Importer(815301076,1909f56bfc062723c751e8b465ee728b)
Start importing Assets/Prefabs/Interactables/Interactable RadioVintage 1.prefab using Guid(525d8c5d38ea56544b743f71fe9ca16f) Importer(815301076,1909f56bfc062723c751e8b465ee728b)  -> (artifact id: '89abc9587ee3d154dc2e5836686e0ec4') in 0.019835 seconds 
  Import took 0.022694 seconds .

========================================================================
Received Import Request.
  Time since last request: 3.199039 seconds.
  path: Assets/Prefabs/Interactables/Interactable RadioVintage 1.prefab
  artifactKey: Guid(525d8c5d38ea56544b743f71fe9ca16f) Importer(815301076,1909f56bfc062723c751e8b465ee728b)
Start importing Assets/Prefabs/Interactables/Interactable RadioVintage 1.prefab using Guid(525d8c5d38ea56544b743f71fe9ca16f) Importer(815301076,1909f56bfc062723c751e8b465ee728b)  -> (artifact id: '5bf794c69fb360a30232b07166604765') in 0.020377 seconds 
  Import took 0.023128 seconds .

========================================================================
Received Prepare
Registering precompiled user dll's ...
Registered in 0.002185 seconds.
Begin MonoManager ReloadAssembly
Native extension for WindowsStandalone target not found
Native extension for WebGL target not found
Refreshing native plugins compatible for Editor in 0.49 ms, found 2 plugins.
Preloading 0 native plugins for Editor in 0.00 ms.
Mono: successfully reloaded assembly
- Completed reload, in  0.685 seconds
Domain Reload Profiling:
	ReloadAssembly (685ms)
		BeginReloadAssembly (87ms)
			ExecutionOrderSort (0ms)
			DisableScriptedObjects (3ms)
			BackupInstance (0ms)
			ReleaseScriptingObjects (0ms)
			CreateAndSetChildDomain (25ms)
		EndReloadAssembly (555ms)
			LoadAssemblies (58ms)
			RebuildTransferFunctionScriptingTraits (0ms)
			SetupTypeCache (182ms)
			ReleaseScriptCaches (1ms)
			RebuildScriptCaches (25ms)
			SetupLoadedEditorAssemblies (222ms)
				LogAssemblyErrors (0ms)
				InitializePlatformSupportModulesInManaged (4ms)
				SetLoadedEditorAssemblies (0ms)
				RefreshPlugins (1ms)
				BeforeProcessingInitializeOnLoad (50ms)
				ProcessInitializeOnLoadAttributes (158ms)
				ProcessInitializeOnLoadMethodAttributes (4ms)
				AfterProcessingInitializeOnLoad (5ms)
				EditorAssembliesLoaded (0ms)
			ExecutionOrderSort2 (0ms)
			AwakeInstancesAfterBackupRestoration (4ms)
Platform modules already initialized, skipping
Refreshing native plugins compatible for Editor in 0.42 ms, found 2 plugins.
Preloading 0 native plugins for Editor in 0.00 ms.
Unloading 1857 Unused Serialized files (Serialized files now loaded: 0)
System memory in use before: 90.6 MB.
System memory in use after: 90.7 MB.

Unloading 12 unused Assets to reduce memory usage. Loaded Objects now: 2383.
Total: 2.394300 ms (FindLiveObjects: 0.154000 ms CreateObjectMapping: 0.045200 ms MarkObjects: 2.182500 ms  DeleteObjects: 0.012100 ms)

AssetImportParameters requested are different than current active one (requested -> active):
  custom:framework-win-MediaFoundation: 216162199b28c13a410421893ffa2e32 -> 
  custom:video-decoder-ogg-theora: a1e56fd34408186e4bbccfd4996cb3dc -> 
  custom:container-muxer-webm: aa71ff27fc2769a1b78a27578f13a17b -> 
  custom:container-demuxer-webm: 4f35f7cbe854078d1ac9338744f61a02 -> 
  custom:container-demuxer-ogg: 62fdf1f143b41e24485cea50d1cbac27 -> 
  custom:video-encoder-webm-vp8: eb34c28f22e8b96e1ab97ce403110664 -> 
  custom:video-decoder-webm-vp8: 9c59270c3fd7afecdb556c50c9e8de78 -> 
  custom:audio-decoder-ogg-vorbis: bf7c407c2cedff20999df2af8eb42d56 -> 
  custom:audio-encoder-webm-vorbis: bf7c407c2cedff20999df2af8eb42d56 -> 
