Using pre-set license
Built from '2020.3/staging' branch; Version is '2020.3.22f1 (e1a7f79fd887) revision 14788599'; Using compiler version '192528614'; Build Type 'Release'
OS: 'Windows 10 Pro; OS build 19042.1348; Version 2009; 64bit' Language: 'he' Physical Memory: 16289 MB
BatchMode: 1, IsHumanControllingUs: 0, StartBugReporterOnCrash: 0, Is64bit: 1, IsPro: 0

COMMAND LINE ARGUMENTS:
C:\Program Files\Unity\Hub\Editor\2020.3.22f1\Editor\Unity.exe
-adb2
-batchMode
-noUpm
-name
AssetImportWorker0
-projectPath
D:/UnityGames/GameSquadPart1
-logFile
Logs/AssetImportWorker0.log
-srvPort
63527
Successfully changed project path to: D:/UnityGames/GameSquadPart1
D:/UnityGames/GameSquadPart1
Using Asset Import Pipeline V2.
Refreshing native plugins compatible for Editor in 51.25 ms, found 2 plugins.
Preloading 0 native plugins for Editor in 0.00 ms.
Initialize engine version: 2020.3.22f1 (e1a7f79fd887)
[Subsystems] Discovering subsystems at path C:/Program Files/Unity/Hub/Editor/2020.3.22f1/Editor/Data/Resources/UnitySubsystems
[Subsystems] Discovering subsystems at path D:/UnityGames/GameSquadPart1/Assets
GfxDevice: creating device client; threaded=0
Direct3D:
    Version:  Direct3D 11.0 [level 11.0]
    Renderer: NVIDIA GeForce GTX 650 (ID=0xfc6)
    Vendor:   
    VRAM:     2007 MB
    Driver:   27.21.14.5730
Initialize mono
Mono path[0] = 'C:/Program Files/Unity/Hub/Editor/2020.3.22f1/Editor/Data/Managed'
Mono path[1] = 'C:/Program Files/Unity/Hub/Editor/2020.3.22f1/Editor/Data/MonoBleedingEdge/lib/mono/unityjit'
Mono config path = 'C:/Program Files/Unity/Hub/Editor/2020.3.22f1/Editor/Data/MonoBleedingEdge/etc'
Using monoOptions --debugger-agent=transport=dt_socket,embedding=1,server=y,suspend=n,address=127.0.0.1:56408
Begin MonoManager ReloadAssembly
Registering precompiled unity dll's ...
Register platform support module: C:/Program Files/Unity/Hub/Editor/2020.3.22f1/Editor/Data/PlaybackEngines/WebGLSupport/UnityEditor.WebGL.Extensions.dll
Register platform support module: C:/Program Files/Unity/Hub/Editor/2020.3.22f1/Editor/Data/PlaybackEngines/MacStandaloneSupport/UnityEditor.OSXStandalone.Extensions.dll
Register platform support module: C:/Program Files/Unity/Hub/Editor/2020.3.22f1/Editor/Data/PlaybackEngines/WindowsStandaloneSupport/UnityEditor.WindowsStandalone.Extensions.dll
Registered in 0.005352 seconds.
Native extension for WindowsStandalone target not found
Native extension for OSXStandalone target not found
Native extension for WebGL target not found
Refreshing native plugins compatible for Editor in 60.88 ms, found 2 plugins.
Preloading 0 native plugins for Editor in 0.00 ms.
Mono: successfully reloaded assembly
- Completed reload, in  3.512 seconds
Domain Reload Profiling:
	ReloadAssembly (3513ms)
		BeginReloadAssembly (84ms)
			ExecutionOrderSort (0ms)
			DisableScriptedObjects (0ms)
			BackupInstance (0ms)
			ReleaseScriptingObjects (0ms)
			CreateAndSetChildDomain (1ms)
		EndReloadAssembly (595ms)
			LoadAssemblies (82ms)
			RebuildTransferFunctionScriptingTraits (0ms)
			SetupTypeCache (194ms)
			ReleaseScriptCaches (0ms)
			RebuildScriptCaches (33ms)
			SetupLoadedEditorAssemblies (229ms)
				LogAssemblyErrors (0ms)
				InitializePlatformSupportModulesInManaged (8ms)
				SetLoadedEditorAssemblies (0ms)
				RefreshPlugins (61ms)
				BeforeProcessingInitializeOnLoad (19ms)
				ProcessInitializeOnLoadAttributes (94ms)
				ProcessInitializeOnLoadMethodAttributes (46ms)
				AfterProcessingInitializeOnLoad (0ms)
				EditorAssembliesLoaded (0ms)
			ExecutionOrderSort2 (0ms)
			AwakeInstancesAfterBackupRestoration (0ms)
Platform modules already initialized, skipping
Registering precompiled user dll's ...
Registered in 0.008472 seconds.
Begin MonoManager ReloadAssembly
Native extension for WindowsStandalone target not found
Native extension for OSXStandalone target not found
Native extension for WebGL target not found
Refreshing native plugins compatible for Editor in 102.62 ms, found 2 plugins.
Preloading 0 native plugins for Editor in 0.00 ms.
Mono: successfully reloaded assembly
- Completed reload, in  1.716 seconds
Domain Reload Profiling:
	ReloadAssembly (1717ms)
		BeginReloadAssembly (196ms)
			ExecutionOrderSort (0ms)
			DisableScriptedObjects (9ms)
			BackupInstance (0ms)
			ReleaseScriptingObjects (0ms)
			CreateAndSetChildDomain (22ms)
		EndReloadAssembly (1432ms)
			LoadAssemblies (116ms)
			RebuildTransferFunctionScriptingTraits (0ms)
			SetupTypeCache (421ms)
			ReleaseScriptCaches (1ms)
			RebuildScriptCaches (83ms)
			SetupLoadedEditorAssemblies (603ms)
				LogAssemblyErrors (0ms)
				InitializePlatformSupportModulesInManaged (9ms)
				SetLoadedEditorAssemblies (0ms)
				RefreshPlugins (103ms)
				BeforeProcessingInitializeOnLoad (125ms)
				ProcessInitializeOnLoadAttributes (329ms)
				ProcessInitializeOnLoadMethodAttributes (18ms)
				AfterProcessingInitializeOnLoad (18ms)
				EditorAssembliesLoaded (1ms)
			ExecutionOrderSort2 (0ms)
			AwakeInstancesAfterBackupRestoration (10ms)
Platform modules already initialized, skipping
========================================================================
Worker process is ready to serve import requests
Launched and connected shader compiler UnityShaderCompiler.exe after 0.10 seconds
Refreshing native plugins compatible for Editor in 0.81 ms, found 2 plugins.
Preloading 0 native plugins for Editor in 0.00 ms.
Unloading 1973 Unused Serialized files (Serialized files now loaded: 0)
System memory in use before: 88.1 MB.
System memory in use after: 88.2 MB.

Unloading 22 unused Assets to reduce memory usage. Loaded Objects now: 2407.
Total: 5.524200 ms (FindLiveObjects: 0.292500 ms CreateObjectMapping: 0.087600 ms MarkObjects: 5.043200 ms  DeleteObjects: 0.099500 ms)

AssetImportParameters requested are different than current active one (requested -> active):
  custom:framework-win-MediaFoundation: 216162199b28c13a410421893ffa2e32 -> 
  custom:video-decoder-ogg-theora: a1e56fd34408186e4bbccfd4996cb3dc -> 
  custom:container-muxer-webm: aa71ff27fc2769a1b78a27578f13a17b -> 
  custom:container-demuxer-webm: 4f35f7cbe854078d1ac9338744f61a02 -> 
  custom:container-demuxer-ogg: 62fdf1f143b41e24485cea50d1cbac27 -> 
  custom:video-encoder-webm-vp8: eb34c28f22e8b96e1ab97ce403110664 -> 
  custom:video-codec-MediaFoundation-h265: 746d11721c4dcdbdad8f713fa42b33f4 -> 
  custom:video-decoder-webm-vp8: 9c59270c3fd7afecdb556c50c9e8de78 -> 
  custom:audio-decoder-ogg-vorbis: bf7c407c2cedff20999df2af8eb42d56 -> 
  custom:audio-encoder-webm-vorbis: bf7c407c2cedff20999df2af8eb42d56 -> 
========================================================================
Received Import Request.
  path: Assets/Scenes
  artifactKey: Guid(5c379707995094d468ac77d9f5fd5c03) Importer(815301076,1909f56bfc062723c751e8b465ee728b)
Start importing Assets/Scenes using Guid(5c379707995094d468ac77d9f5fd5c03) Importer(815301076,1909f56bfc062723c751e8b465ee728b)  -> (artifact id: '3009e4d9b6bb48780af4ae801f02be4f') in 0.011083 seconds 
  Import took 0.015446 seconds .

========================================================================
Received Import Request.
  Time since last request: 0.000211 seconds.
  path: Assets/Scenes/Test Medevel House.unity
  artifactKey: Guid(e5b40dc8dc4ccaf4e8e21a202dfe9737) Importer(815301076,1909f56bfc062723c751e8b465ee728b)
Start importing Assets/Scenes/Test Medevel House.unity using Guid(e5b40dc8dc4ccaf4e8e21a202dfe9737) Importer(815301076,1909f56bfc062723c751e8b465ee728b)  -> (artifact id: '316508d60b054ed82cf23f92163d87bf') in 0.017955 seconds 
  Import took 0.021188 seconds .

========================================================================
Received Prepare
Refreshing native plugins compatible for Editor in 3.82 ms, found 2 plugins.
Preloading 0 native plugins for Editor in 0.00 ms.
Unloading 12 Unused Serialized files (Serialized files now loaded: 0)
System memory in use before: 47.7 MB.
System memory in use after: 47.8 MB.

Unloading 12 unused Assets to reduce memory usage. Loaded Objects now: 2407.
Total: 7.234000 ms (FindLiveObjects: 0.646100 ms CreateObjectMapping: 0.333100 ms MarkObjects: 6.231500 ms  DeleteObjects: 0.022200 ms)

AssetImportParameters requested are different than current active one (requested -> active):
  custom:framework-win-MediaFoundation: 216162199b28c13a410421893ffa2e32 -> 
  custom:video-decoder-ogg-theora: a1e56fd34408186e4bbccfd4996cb3dc -> 
  custom:container-muxer-webm: aa71ff27fc2769a1b78a27578f13a17b -> 
  custom:container-demuxer-webm: 4f35f7cbe854078d1ac9338744f61a02 -> 
  custom:container-demuxer-ogg: 62fdf1f143b41e24485cea50d1cbac27 -> 
  custom:video-encoder-webm-vp8: eb34c28f22e8b96e1ab97ce403110664 -> 
  custom:video-codec-MediaFoundation-h265: 746d11721c4dcdbdad8f713fa42b33f4 -> 
  custom:video-decoder-webm-vp8: 9c59270c3fd7afecdb556c50c9e8de78 -> 
  custom:audio-decoder-ogg-vorbis: bf7c407c2cedff20999df2af8eb42d56 -> 
  custom:audio-encoder-webm-vorbis: bf7c407c2cedff20999df2af8eb42d56 -> 
========================================================================
Received Import Request.
  Time since last request: 114.472878 seconds.
  path: Assets/Scenes/Test Sci-Fi.unity
  artifactKey: Guid(b4743ec65efdf11419d5d2a731c39f1f) Importer(815301076,1909f56bfc062723c751e8b465ee728b)
Start importing Assets/Scenes/Test Sci-Fi.unity using Guid(b4743ec65efdf11419d5d2a731c39f1f) Importer(815301076,1909f56bfc062723c751e8b465ee728b)  -> (artifact id: '1c9fe315e14acfff5f8f9bbfc2e229c6') in 0.016483 seconds 
  Import took 0.020129 seconds .

========================================================================
Received Prepare
Registering precompiled user dll's ...
Registered in 0.005922 seconds.
Begin MonoManager ReloadAssembly
Native extension for WindowsStandalone target not found
Native extension for OSXStandalone target not found
Native extension for WebGL target not found
Refreshing native plugins compatible for Editor in 1.04 ms, found 2 plugins.
Preloading 0 native plugins for Editor in 0.00 ms.
Mono: successfully reloaded assembly
- Completed reload, in  1.281 seconds
Domain Reload Profiling:
	ReloadAssembly (1281ms)
		BeginReloadAssembly (145ms)
			ExecutionOrderSort (0ms)
			DisableScriptedObjects (5ms)
			BackupInstance (0ms)
			ReleaseScriptingObjects (0ms)
			CreateAndSetChildDomain (42ms)
		EndReloadAssembly (1045ms)
			LoadAssemblies (116ms)
			RebuildTransferFunctionScriptingTraits (0ms)
			SetupTypeCache (369ms)
			ReleaseScriptCaches (1ms)
			RebuildScriptCaches (49ms)
			SetupLoadedEditorAssemblies (402ms)
				LogAssemblyErrors (0ms)
				InitializePlatformSupportModulesInManaged (9ms)
				SetLoadedEditorAssemblies (1ms)
				RefreshPlugins (1ms)
				BeforeProcessingInitializeOnLoad (90ms)
				ProcessInitializeOnLoadAttributes (277ms)
				ProcessInitializeOnLoadMethodAttributes (11ms)
				AfterProcessingInitializeOnLoad (14ms)
				EditorAssembliesLoaded (0ms)
			ExecutionOrderSort2 (0ms)
			AwakeInstancesAfterBackupRestoration (8ms)
Platform modules already initialized, skipping
Refreshing native plugins compatible for Editor in 0.56 ms, found 2 plugins.
Preloading 0 native plugins for Editor in 0.00 ms.
Unloading 1949 Unused Serialized files (Serialized files now loaded: 0)
System memory in use before: 86.4 MB.
System memory in use after: 86.5 MB.

Unloading 15 unused Assets to reduce memory usage. Loaded Objects now: 2409.
Total: 4.081000 ms (FindLiveObjects: 0.186700 ms CreateObjectMapping: 0.073300 ms MarkObjects: 3.779100 ms  DeleteObjects: 0.040400 ms)

AssetImportParameters requested are different than current active one (requested -> active):
  custom:framework-win-MediaFoundation: 216162199b28c13a410421893ffa2e32 -> 
  custom:video-decoder-ogg-theora: a1e56fd34408186e4bbccfd4996cb3dc -> 
  custom:container-muxer-webm: aa71ff27fc2769a1b78a27578f13a17b -> 
  custom:container-demuxer-webm: 4f35f7cbe854078d1ac9338744f61a02 -> 
  custom:container-demuxer-ogg: 62fdf1f143b41e24485cea50d1cbac27 -> 
  custom:video-encoder-webm-vp8: eb34c28f22e8b96e1ab97ce403110664 -> 
  custom:video-codec-MediaFoundation-h265: 746d11721c4dcdbdad8f713fa42b33f4 -> 
  custom:video-decoder-webm-vp8: 9c59270c3fd7afecdb556c50c9e8de78 -> 
  custom:audio-decoder-ogg-vorbis: bf7c407c2cedff20999df2af8eb42d56 -> 
  custom:audio-encoder-webm-vorbis: bf7c407c2cedff20999df2af8eb42d56 -> 
========================================================================
Received Import Request.
  Time since last request: 102.188511 seconds.
  path: Assets/Scenes/Test Server Room.unity
  artifactKey: Guid(36e46afa7c69b1f49a4fde73c5f7488b) Importer(815301076,1909f56bfc062723c751e8b465ee728b)
Start importing Assets/Scenes/Test Server Room.unity using Guid(36e46afa7c69b1f49a4fde73c5f7488b) Importer(815301076,1909f56bfc062723c751e8b465ee728b)  -> (artifact id: '850034da249cd50b51bb2a68c2c9e1ff') in 0.020354 seconds 
  Import took 0.024434 seconds .

========================================================================
Received Import Request.
  Time since last request: 13.240536 seconds.
  path: Assets/Scripts/Dor.cs
  artifactKey: Guid(d672a9b2b1a59ad49b7391e69bbff558) Importer(815301076,1909f56bfc062723c751e8b465ee728b)
Start importing Assets/Scripts/Dor.cs using Guid(d672a9b2b1a59ad49b7391e69bbff558) Importer(815301076,1909f56bfc062723c751e8b465ee728b)  -> (artifact id: 'cf1bfeb1d11fe1afc13f37783c1aca50') in 0.052422 seconds 
  Import took 0.056373 seconds .

========================================================================
Received Prepare
Registering precompiled user dll's ...
Registered in 0.007047 seconds.
Begin MonoManager ReloadAssembly
Native extension for WindowsStandalone target not found
Native extension for OSXStandalone target not found
Native extension for WebGL target not found
Refreshing native plugins compatible for Editor in 0.57 ms, found 2 plugins.
Preloading 0 native plugins for Editor in 0.00 ms.
Mono: successfully reloaded assembly
- Completed reload, in  1.336 seconds
Domain Reload Profiling:
	ReloadAssembly (1336ms)
		BeginReloadAssembly (154ms)
			ExecutionOrderSort (0ms)
			DisableScriptedObjects (7ms)
			BackupInstance (0ms)
			ReleaseScriptingObjects (0ms)
			CreateAndSetChildDomain (51ms)
		EndReloadAssembly (1092ms)
			LoadAssemblies (122ms)
			RebuildTransferFunctionScriptingTraits (0ms)
			SetupTypeCache (392ms)
			ReleaseScriptCaches (1ms)
			RebuildScriptCaches (46ms)
			SetupLoadedEditorAssemblies (411ms)
				LogAssemblyErrors (0ms)
				InitializePlatformSupportModulesInManaged (7ms)
				SetLoadedEditorAssemblies (0ms)
				RefreshPlugins (1ms)
				BeforeProcessingInitializeOnLoad (91ms)
				ProcessInitializeOnLoadAttributes (287ms)
				ProcessInitializeOnLoadMethodAttributes (11ms)
				AfterProcessingInitializeOnLoad (14ms)
				EditorAssembliesLoaded (0ms)
			ExecutionOrderSort2 (0ms)
			AwakeInstancesAfterBackupRestoration (9ms)
Platform modules already initialized, skipping
Refreshing native plugins compatible for Editor in 0.53 ms, found 2 plugins.
Preloading 0 native plugins for Editor in 0.00 ms.
Unloading 1952 Unused Serialized files (Serialized files now loaded: 0)
System memory in use before: 86.5 MB.
System memory in use after: 86.6 MB.

Unloading 15 unused Assets to reduce memory usage. Loaded Objects now: 2414.
Total: 3.119900 ms (FindLiveObjects: 0.162000 ms CreateObjectMapping: 0.065800 ms MarkObjects: 2.867600 ms  DeleteObjects: 0.023400 ms)

AssetImportParameters requested are different than current active one (requested -> active):
  custom:framework-win-MediaFoundation: 216162199b28c13a410421893ffa2e32 -> 
  custom:video-decoder-ogg-theora: a1e56fd34408186e4bbccfd4996cb3dc -> 
  custom:container-muxer-webm: aa71ff27fc2769a1b78a27578f13a17b -> 
  custom:container-demuxer-webm: 4f35f7cbe854078d1ac9338744f61a02 -> 
  custom:container-demuxer-ogg: 62fdf1f143b41e24485cea50d1cbac27 -> 
  custom:video-encoder-webm-vp8: eb34c28f22e8b96e1ab97ce403110664 -> 
  custom:video-codec-MediaFoundation-h265: 746d11721c4dcdbdad8f713fa42b33f4 -> 
  custom:video-decoder-webm-vp8: 9c59270c3fd7afecdb556c50c9e8de78 -> 
  custom:audio-decoder-ogg-vorbis: bf7c407c2cedff20999df2af8eb42d56 -> 
  custom:audio-encoder-webm-vorbis: bf7c407c2cedff20999df2af8eb42d56 -> 
========================================================================
Received Import Request.
  Time since last request: 182.244468 seconds.
  path: Assets/Scenes/Scripts
  artifactKey: Guid(4366acb2934ea754cb7d9a0a9d75b764) Importer(815301076,1909f56bfc062723c751e8b465ee728b)
Start importing Assets/Scenes/Scripts using Guid(4366acb2934ea754cb7d9a0a9d75b764) Importer(815301076,1909f56bfc062723c751e8b465ee728b)  -> (artifact id: '399b96f635b7aee8905444abc77c3c67') in 0.012136 seconds 
  Import took 0.016493 seconds .

========================================================================
Received Import Request.
  Time since last request: 3.672407 seconds.
  path: Assets/Scenes/Scripts/DisplayRedCode.cs
  artifactKey: Guid(f250d5e0834ef29448f36e301a1467d0) Importer(815301076,1909f56bfc062723c751e8b465ee728b)
Start importing Assets/Scenes/Scripts/DisplayRedCode.cs using Guid(f250d5e0834ef29448f36e301a1467d0) Importer(815301076,1909f56bfc062723c751e8b465ee728b)  -> (artifact id: '060b02f380706edcaa4789231cdb3d36') in 0.009879 seconds 
  Import took 0.013474 seconds .

========================================================================
Received Import Request.
  Time since last request: 0.753810 seconds.
  path: Assets/Scenes/Scripts/Editor
  artifactKey: Guid(110fc1f7fe2ed2740b2b41f0c413e241) Importer(815301076,1909f56bfc062723c751e8b465ee728b)
Start importing Assets/Scenes/Scripts/Editor using Guid(110fc1f7fe2ed2740b2b41f0c413e241) Importer(815301076,1909f56bfc062723c751e8b465ee728b)  -> (artifact id: '5484792754c7cc3f96ce35f234d987cd') in 0.008285 seconds 
  Import took 0.012072 seconds .

========================================================================
Received Import Request.
  Time since last request: 1.169000 seconds.
  path: Assets/Scenes/Scripts/Editor/RectTransformContextMenu.cs
  artifactKey: Guid(7eb773b4bf3cac5479ae7ec806809742) Importer(815301076,1909f56bfc062723c751e8b465ee728b)
Start importing Assets/Scenes/Scripts/Editor/RectTransformContextMenu.cs using Guid(7eb773b4bf3cac5479ae7ec806809742) Importer(815301076,1909f56bfc062723c751e8b465ee728b)  -> (artifact id: 'f4e0ed273f59f13fdc81640a9720d902') in 0.011243 seconds 
  Import took 0.016378 seconds .

========================================================================
Received Prepare
Registering precompiled user dll's ...
Registered in 0.006874 seconds.
Begin MonoManager ReloadAssembly
Native extension for WindowsStandalone target not found
Native extension for OSXStandalone target not found
Native extension for WebGL target not found
Refreshing native plugins compatible for Editor in 0.69 ms, found 2 plugins.
Preloading 0 native plugins for Editor in 0.00 ms.
Mono: successfully reloaded assembly
- Completed reload, in  1.451 seconds
Domain Reload Profiling:
	ReloadAssembly (1451ms)
		BeginReloadAssembly (152ms)
			ExecutionOrderSort (0ms)
			DisableScriptedObjects (6ms)
			BackupInstance (0ms)
			ReleaseScriptingObjects (0ms)
			CreateAndSetChildDomain (41ms)
		EndReloadAssembly (1217ms)
			LoadAssemblies (141ms)
			RebuildTransferFunctionScriptingTraits (0ms)
			SetupTypeCache (423ms)
			ReleaseScriptCaches (1ms)
			RebuildScriptCaches (56ms)
			SetupLoadedEditorAssemblies (463ms)
				LogAssemblyErrors (0ms)
				InitializePlatformSupportModulesInManaged (8ms)
				SetLoadedEditorAssemblies (1ms)
				RefreshPlugins (1ms)
				BeforeProcessingInitializeOnLoad (103ms)
				ProcessInitializeOnLoadAttributes (320ms)
				ProcessInitializeOnLoadMethodAttributes (15ms)
				AfterProcessingInitializeOnLoad (14ms)
				EditorAssembliesLoaded (0ms)
			ExecutionOrderSort2 (0ms)
			AwakeInstancesAfterBackupRestoration (9ms)
Platform modules already initialized, skipping
Refreshing native plugins compatible for Editor in 0.67 ms, found 2 plugins.
Preloading 0 native plugins for Editor in 0.00 ms.
Unloading 1952 Unused Serialized files (Serialized files now loaded: 0)
System memory in use before: 86.5 MB.
System memory in use after: 86.6 MB.

Unloading 15 unused Assets to reduce memory usage. Loaded Objects now: 2416.
Total: 3.600300 ms (FindLiveObjects: 0.202200 ms CreateObjectMapping: 0.074400 ms MarkObjects: 3.296600 ms  DeleteObjects: 0.025700 ms)

AssetImportParameters requested are different than current active one (requested -> active):
  custom:framework-win-MediaFoundation: 216162199b28c13a410421893ffa2e32 -> 
  custom:video-decoder-ogg-theora: a1e56fd34408186e4bbccfd4996cb3dc -> 
  custom:container-muxer-webm: aa71ff27fc2769a1b78a27578f13a17b -> 
  custom:container-demuxer-webm: 4f35f7cbe854078d1ac9338744f61a02 -> 
  custom:container-demuxer-ogg: 62fdf1f143b41e24485cea50d1cbac27 -> 
  custom:video-encoder-webm-vp8: eb34c28f22e8b96e1ab97ce403110664 -> 
  custom:video-codec-MediaFoundation-h265: 746d11721c4dcdbdad8f713fa42b33f4 -> 
  custom:video-decoder-webm-vp8: 9c59270c3fd7afecdb556c50c9e8de78 -> 
  custom:audio-decoder-ogg-vorbis: bf7c407c2cedff20999df2af8eb42d56 -> 
  custom:audio-encoder-webm-vorbis: bf7c407c2cedff20999df2af8eb42d56 -> 
========================================================================
Received Import Request.
  Time since last request: 51.194888 seconds.
  path: Assets/Prefabs/Player.prefab
  artifactKey: Guid(3c48a3d760287f648bd7438a4d2a4d98) Importer(815301076,1909f56bfc062723c751e8b465ee728b)
Start importing Assets/Prefabs/Player.prefab using Guid(3c48a3d760287f648bd7438a4d2a4d98) Importer(815301076,1909f56bfc062723c751e8b465ee728b)  -> (artifact id: '629f8fa49b86a0157c02bfab660c7ae2') in 0.415206 seconds 
  Import took 0.418758 seconds .

========================================================================
Received Import Request.
  Time since last request: 0.000241 seconds.
  path: Assets/Prefabs/PlayerFollowCamera.prefab
  artifactKey: Guid(dfc6bc10df2898944810781d4c946e10) Importer(815301076,1909f56bfc062723c751e8b465ee728b)
Start importing Assets/Prefabs/PlayerFollowCamera.prefab using Guid(dfc6bc10df2898944810781d4c946e10) Importer(815301076,1909f56bfc062723c751e8b465ee728b)  -> (artifact id: '5236b31b51aaa104606297e142c797f4') in 0.019947 seconds 
  Import took 0.024393 seconds .

========================================================================
Received Import Request.
  Time since last request: 0.000252 seconds.
  path: Assets/Prefabs/MainCamera.prefab
  artifactKey: Guid(06c6c470a1ad01842812c1eb83556571) Importer(815301076,1909f56bfc062723c751e8b465ee728b)
Start importing Assets/Prefabs/MainCamera.prefab using Guid(06c6c470a1ad01842812c1eb83556571) Importer(815301076,1909f56bfc062723c751e8b465ee728b)  -> (artifact id: '46423f3cc171eab08e7afb101010d6da') in 0.015433 seconds 
  Import took 0.018993 seconds .

========================================================================
Received Import Request.
  Time since last request: 0.000233 seconds.
  path: Assets/Prefabs/Medieval_house_lite.prefab
  artifactKey: Guid(3f55901cb8d125b4194917ff13a6bd8a) Importer(815301076,1909f56bfc062723c751e8b465ee728b)
Start importing Assets/Prefabs/Medieval_house_lite.prefab using Guid(3f55901cb8d125b4194917ff13a6bd8a) Importer(815301076,1909f56bfc062723c751e8b465ee728b)  -> (artifact id: '697246c1e53f795bda6688d4a79b1b8c') in 0.805394 seconds 
  Import took 0.816839 seconds .

========================================================================
Received Import Request.
  Time since last request: 0.000331 seconds.
  path: Assets/Prefabs/LevelMusicPlayer.prefab
  artifactKey: Guid(ef59f208211466b45a428db62c0ab968) Importer(815301076,1909f56bfc062723c751e8b465ee728b)
Start importing Assets/Prefabs/LevelMusicPlayer.prefab using Guid(ef59f208211466b45a428db62c0ab968) Importer(815301076,1909f56bfc062723c751e8b465ee728b)  -> (artifact id: 'd639190005a5615310c39ba734fa46d7') in 0.009983 seconds 
  Import took 0.015356 seconds .

========================================================================
Received Import Request.
  Time since last request: 0.977407 seconds.
  path: Assets/Scenes/Scenes
  artifactKey: Guid(b05202e2d70f4fa45b2c5567e55f1166) Importer(815301076,1909f56bfc062723c751e8b465ee728b)
Start importing Assets/Scenes/Scenes using Guid(b05202e2d70f4fa45b2c5567e55f1166) Importer(815301076,1909f56bfc062723c751e8b465ee728b)  -> (artifact id: 'fb2762922e96797d1a9c25db2d788c66') in 0.002440 seconds 
  Import took 0.006053 seconds .

========================================================================
Received Import Request.
  Time since last request: 7.505960 seconds.
  path: Assets/Scenes/Material/New Material.mat
  artifactKey: Guid(7fae4d50217fdea4387d78916c0a9cf1) Importer(815301076,1909f56bfc062723c751e8b465ee728b)
Start importing Assets/Scenes/Material/New Material.mat using Guid(7fae4d50217fdea4387d78916c0a9cf1) Importer(815301076,1909f56bfc062723c751e8b465ee728b)  -> (artifact id: '17f9ce42087bc1828cedada05d6bc8a9') in 0.306822 seconds 
  Import took 0.313259 seconds .

========================================================================
Received Import Request.
  Time since last request: 2.871062 seconds.
  path: Assets/Scenes/Material/Metal textures pack
  artifactKey: Guid(53ca21e30c73b2c40b81ba4fcc1ea668) Importer(815301076,1909f56bfc062723c751e8b465ee728b)
Start importing Assets/Scenes/Material/Metal textures pack using Guid(53ca21e30c73b2c40b81ba4fcc1ea668) Importer(815301076,1909f56bfc062723c751e8b465ee728b)  -> (artifact id: '007ce55df19965ec5cb05582b5114838') in 0.012807 seconds 
  Import took 0.017004 seconds .

========================================================================
Received Import Request.
  Time since last request: 6.229039 seconds.
  path: Assets/Scenes/Material/Metal textures pack/pattern 24
  artifactKey: Guid(7edacb88d4001f24580c73ef80c96d74) Importer(815301076,1909f56bfc062723c751e8b465ee728b)
Start importing Assets/Scenes/Material/Metal textures pack/pattern 24 using Guid(7edacb88d4001f24580c73ef80c96d74) Importer(815301076,1909f56bfc062723c751e8b465ee728b)  -> (artifact id: 'ede3a41b38a3502e514732a8f920899d') in 0.008447 seconds 
  Import took 0.013570 seconds .

========================================================================
Received Import Request.
  Time since last request: 0.054232 seconds.
  path: Assets/Scenes/Material/Metal textures pack/pattern 24/diffuse.tga
  artifactKey: Guid(deff49745631c2d4eaf512af939c3880) Importer(815301076,1909f56bfc062723c751e8b465ee728b)
Start importing Assets/Scenes/Material/Metal textures pack/pattern 24/diffuse.tga using Guid(deff49745631c2d4eaf512af939c3880) Importer(815301076,1909f56bfc062723c751e8b465ee728b)  -> (artifact id: 'b8277eab038d954a0c924006bf9fb4ed') in 0.051312 seconds 
  Import took 0.055382 seconds .

========================================================================
Received Import Request.
  Time since last request: 0.000236 seconds.
  path: Assets/Scenes/Material/Metal textures pack/pattern 24/preview.jpg
  artifactKey: Guid(f8eba31df6a445d44a015cd2fa681b63) Importer(815301076,1909f56bfc062723c751e8b465ee728b)
Start importing Assets/Scenes/Material/Metal textures pack/pattern 24/preview.jpg using Guid(f8eba31df6a445d44a015cd2fa681b63) Importer(815301076,1909f56bfc062723c751e8b465ee728b)  -> (artifact id: '704e8c9b5e3ebbbfea428091e37a64b0') in 0.028987 seconds 
  Import took 0.032764 seconds .

========================================================================
Received Import Request.
  Time since last request: 0.000205 seconds.
  path: Assets/Scenes/Material/Metal textures pack/pattern 24/normal.tga
  artifactKey: Guid(cc9ff8eee97b16a4384de8db8b91ba80) Importer(815301076,1909f56bfc062723c751e8b465ee728b)
Start importing Assets/Scenes/Material/Metal textures pack/pattern 24/normal.tga using Guid(cc9ff8eee97b16a4384de8db8b91ba80) Importer(815301076,1909f56bfc062723c751e8b465ee728b)  -> (artifact id: '3cccb0f35c812715ac5976c48b1ed4f5') in 0.025847 seconds 
  Import took 0.029528 seconds .

========================================================================
Received Import Request.
  Time since last request: 0.000253 seconds.
  path: Assets/Scenes/Material/Metal textures pack/pattern 24/Metal pattern 24.mat
  artifactKey: Guid(a8b04144f147be6489581d4fc35eedca) Importer(815301076,1909f56bfc062723c751e8b465ee728b)
Start importing Assets/Scenes/Material/Metal textures pack/pattern 24/Metal pattern 24.mat using Guid(a8b04144f147be6489581d4fc35eedca) Importer(815301076,1909f56bfc062723c751e8b465ee728b)  -> (artifact id: 'ce493b35c29ef33324bcb6f5f3bd1733') in 0.216438 seconds 
  Import took 0.220183 seconds .

========================================================================
Received Import Request.
  Time since last request: 30.171636 seconds.
  path: Assets/Materials/New Material.mat
  artifactKey: Guid(17e4c5c955ecf0c48b9a45982f32bea5) Importer(815301076,1909f56bfc062723c751e8b465ee728b)
Start importing Assets/Materials/New Material.mat using Guid(17e4c5c955ecf0c48b9a45982f32bea5) Importer(815301076,1909f56bfc062723c751e8b465ee728b)  -> (artifact id: 'a287dc976cf90f7ea0116dc1c77cb528') in 0.016219 seconds 
  Import took 0.020028 seconds .

========================================================================
Received Import Request.
  Time since last request: 1.690267 seconds.
  path: Assets/Materials/Material
  artifactKey: Guid(68765eff34f538d4281d422c566020d0) Importer(815301076,1909f56bfc062723c751e8b465ee728b)
Start importing Assets/Materials/Material using Guid(68765eff34f538d4281d422c566020d0) Importer(815301076,1909f56bfc062723c751e8b465ee728b)  -> (artifact id: '57601cfce8bc41fa3e6a1423e9a1fd24') in 0.007115 seconds 
  Import took 0.011982 seconds .

========================================================================
Received Import Request.
  Time since last request: 6.461184 seconds.
  path: Assets/Materials/Material/Metal textures pack/pattern 01
  artifactKey: Guid(c8eb5f2bd3b82eb4699fc287a79c6efc) Importer(815301076,1909f56bfc062723c751e8b465ee728b)
Start importing Assets/Materials/Material/Metal textures pack/pattern 01 using Guid(c8eb5f2bd3b82eb4699fc287a79c6efc) Importer(815301076,1909f56bfc062723c751e8b465ee728b)  -> (artifact id: 'c0571893194a5a5365751920bb322240') in 0.009695 seconds 
  Import took 0.023455 seconds .

========================================================================
Received Import Request.
  Time since last request: 0.685176 seconds.
  path: Assets/Materials/Material/Metal textures pack/pattern 03
  artifactKey: Guid(b8a42e0b7b2c897499475470f88f57dc) Importer(815301076,1909f56bfc062723c751e8b465ee728b)
Start importing Assets/Materials/Material/Metal textures pack/pattern 03 using Guid(b8a42e0b7b2c897499475470f88f57dc) Importer(815301076,1909f56bfc062723c751e8b465ee728b)  -> (artifact id: '37436eb1bd3a7a18e44c59c2593eac7d') in 0.008230 seconds 
  Import took 0.013581 seconds .

========================================================================
Received Import Request.
  Time since last request: 14.230641 seconds.
  path: Assets/Materials/Material/New Material 1.mat
  artifactKey: Guid(e20bb8bb03dbb594880d896c316b7c74) Importer(815301076,1909f56bfc062723c751e8b465ee728b)
Start importing Assets/Materials/Material/New Material 1.mat using Guid(e20bb8bb03dbb594880d896c316b7c74) Importer(815301076,1909f56bfc062723c751e8b465ee728b)  -> (artifact id: 'dde4c3433f030a46ac6a95039c58e283') in 0.021347 seconds 
  Import took 0.026098 seconds .

========================================================================
Received Import Request.
  Time since last request: 30.799378 seconds.
  path: Assets/Scenes/SampleScene.unity
  artifactKey: Guid(9fc0d4010bbf28b4594072e72b8655ab) Importer(815301076,1909f56bfc062723c751e8b465ee728b)
Start importing Assets/Scenes/SampleScene.unity using Guid(9fc0d4010bbf28b4594072e72b8655ab) Importer(815301076,1909f56bfc062723c751e8b465ee728b)  -> (artifact id: '092d133ad153213920c641f0134fd26b') in 0.008969 seconds 
  Import took 0.013217 seconds .

========================================================================
Received Import Request.
  Time since last request: 17.919980 seconds.
  path: Assets/Scenes/UIOfCode.unity
  artifactKey: Guid(9fc0d4010bbf28b4594072e72b8655ab) Importer(815301076,1909f56bfc062723c751e8b465ee728b)
Start importing Assets/Scenes/UIOfCode.unity using Guid(9fc0d4010bbf28b4594072e72b8655ab) Importer(815301076,1909f56bfc062723c751e8b465ee728b)  -> (artifact id: 'cf2954cef436a5f19fcfa9f3a2a01196') in 0.007730 seconds 
  Import took 0.014808 seconds .

========================================================================
Received Prepare
Registering precompiled user dll's ...
Registered in 0.005697 seconds.
Begin MonoManager ReloadAssembly
Native extension for WindowsStandalone target not found
Native extension for OSXStandalone target not found
Native extension for WebGL target not found
Refreshing native plugins compatible for Editor in 0.53 ms, found 2 plugins.
Preloading 0 native plugins for Editor in 0.00 ms.
Mono: successfully reloaded assembly
- Completed reload, in  1.272 seconds
Domain Reload Profiling:
	ReloadAssembly (1273ms)
		BeginReloadAssembly (147ms)
			ExecutionOrderSort (0ms)
			DisableScriptedObjects (4ms)
			BackupInstance (0ms)
			ReleaseScriptingObjects (0ms)
			CreateAndSetChildDomain (44ms)
		EndReloadAssembly (1044ms)
			LoadAssemblies (114ms)
			RebuildTransferFunctionScriptingTraits (0ms)
			SetupTypeCache (370ms)
			ReleaseScriptCaches (1ms)
			RebuildScriptCaches (42ms)
			SetupLoadedEditorAssemblies (392ms)
				LogAssemblyErrors (0ms)
				InitializePlatformSupportModulesInManaged (7ms)
				SetLoadedEditorAssemblies (0ms)
				RefreshPlugins (1ms)
				BeforeProcessingInitializeOnLoad (88ms)
				ProcessInitializeOnLoadAttributes (270ms)
				ProcessInitializeOnLoadMethodAttributes (11ms)
				AfterProcessingInitializeOnLoad (14ms)
				EditorAssembliesLoaded (0ms)
			ExecutionOrderSort2 (0ms)
			AwakeInstancesAfterBackupRestoration (9ms)
Platform modules already initialized, skipping
Refreshing native plugins compatible for Editor in 0.67 ms, found 2 plugins.
Preloading 0 native plugins for Editor in 0.00 ms.
Unloading 1952 Unused Serialized files (Serialized files now loaded: 0)
System memory in use before: 91.1 MB.
System memory in use after: 91.2 MB.

Unloading 17 unused Assets to reduce memory usage. Loaded Objects now: 2470.
Total: 8.587900 ms (FindLiveObjects: 1.017700 ms CreateObjectMapping: 0.420200 ms MarkObjects: 7.073100 ms  DeleteObjects: 0.074800 ms)

AssetImportParameters requested are different than current active one (requested -> active):
  custom:framework-win-MediaFoundation: 216162199b28c13a410421893ffa2e32 -> 
  custom:video-decoder-ogg-theora: a1e56fd34408186e4bbccfd4996cb3dc -> 
  custom:container-muxer-webm: aa71ff27fc2769a1b78a27578f13a17b -> 
  custom:container-demuxer-webm: 4f35f7cbe854078d1ac9338744f61a02 -> 
  custom:container-demuxer-ogg: 62fdf1f143b41e24485cea50d1cbac27 -> 
  custom:video-encoder-webm-vp8: eb34c28f22e8b96e1ab97ce403110664 -> 
  custom:video-codec-MediaFoundation-h265: 746d11721c4dcdbdad8f713fa42b33f4 -> 
  custom:video-decoder-webm-vp8: 9c59270c3fd7afecdb556c50c9e8de78 -> 
  custom:audio-decoder-ogg-vorbis: bf7c407c2cedff20999df2af8eb42d56 -> 
  custom:audio-encoder-webm-vorbis: bf7c407c2cedff20999df2af8eb42d56 -> 
